<?xml version="1.0" encoding="UTF-8"?>
<testsuites name="TS4_Delete_Site" time="29" tests="2" failures="0" errors="1">
   <testsuite name="TS4_Delete_Site" tests="2" failures="0" errors="1" time="29" timestamp="2019-04-04 13:27:02" hostname="ktran - engshare.delphidisplay.com" id="Test Suites/Individual Test Suites/TS4_Delete_Site">
      <properties>
         <property name="deviceName" value=""/>
         <property name="devicePlatform" value=""/>
         <property name="logFolder" value="C:\\Users\\ktran\\Katalon Studio\\cloud_test2\\Reports\\Individual Test Suites\\TS4_Delete_Site\\20190404_132656"/>
         <property name="logFiles" value="C:\\Users\\ktran\\Katalon Studio\\cloud_test2\\Reports\\Individual Test Suites\\TS4_Delete_Site\\20190404_132656\\execution0.log"/>
         <property name="attachments" value=""/>
         <property name="hostName" value="ktran - engshare.delphidisplay.com"/>
         <property name="os" value="Windows 10 64bit"/>
         <property name="katalonVersion" value="6.0.5.10"/>
         <property name="browser" value="Chrome 73.0.3683.86"/>
         <property name="hostAddress" value="192.168.11.14"/>
         <property name="sessionId" value="c02d2c926b47f22ddd1d4efcdd232086"/>
         <property name="seleniumVersion" value="3.7.1"/>
         <property name="proxyInformation" value="ProxyInformation{proxyOption=NO_PROXY, proxyServerType=HTTP, password=, proxyServerAddress=, proxyServerPort=0}"/>
         <property name="platform" value="Windows 10"/>
      </properties>
      <testcase name="Test Cases/Login_Tests/TC1_Login_Valid" classname="Test Cases/Login_Tests/TC1_Login_Valid" status="PASSED">
         <system-out><![CDATA[2019-04-04 13:27:03 - [TEST_CASE][PASSED] - Test Cases/Login_Tests/TC1_Login_Valid: Test Cases/Login_Tests/TC1_Login_Valid

2019-04-04 13:27:04 - [TEST_STEP][PASSED] - login_site = "http://ec2-54-148-80-155.us-west-2.compute.amazonaws.com:8080/Sites/#/login": null

2019-04-04 13:27:04 - [TEST_STEP][PASSED] - home_site = "http://ec2-54-148-80-155.us-west-2.compute.amazonaws.com:8080/Sites/#/site": null

2019-04-04 13:27:04 - [TEST_STEP][PASSED] - openBrowser(""): Browser is opened with url: ''

2019-04-04 13:27:05 - [MESSAGE][INFO] - Starting 'Chrome' driver

2019-04-04 13:27:05 - [MESSAGE][INFO] - Action delay is set to 0 seconds

2019-04-04 13:27:10 - [MESSAGE][PASSED] - Browser is opened with url: ''

2019-04-04 13:27:10 - [TEST_STEP][PASSED] - navigateToUrl(login_site): Navigate to 'http://ec2-54-148-80-155.us-west-2.compute.amazonaws.com:8080/Sites/#/login' successfully

2019-04-04 13:27:11 - [MESSAGE][PASSED] - Navigate to 'http://ec2-54-148-80-155.us-west-2.compute.amazonaws.com:8080/Sites/#/login' successfully

2019-04-04 13:27:11 - [TEST_STEP][PASSED] - setText(findTestObject("Page_Login/input_Username"), findTestData("Login/TD_Login").getValue(1, 2)): Text 'ktran' is set on object 'Object Repository/Page_Login/input_Username'

2019-04-04 13:27:14 - [MESSAGE][PASSED] - Text 'ktran' is set on object 'Object Repository/Page_Login/input_Username'

2019-04-04 13:27:14 - [TEST_STEP][PASSED] - setText(findTestObject("Page_Login/input_Password"), findTestData("Login/TD_Login").getValue(2, 2)): Text 'test!ng1' is set on object 'Object Repository/Page_Login/input_Password'

2019-04-04 13:27:14 - [MESSAGE][PASSED] - Text 'test!ng1' is set on object 'Object Repository/Page_Login/input_Password'

2019-04-04 13:27:14 - [TEST_STEP][PASSED] - click(findTestObject("Page_Login/a_Login")): Object: 'Object Repository/Page_Login/a_Login' is clicked on

2019-04-04 13:27:15 - [MESSAGE][PASSED] - Object: 'Object Repository/Page_Login/a_Login' is clicked on

2019-04-04 13:27:15 - [TEST_STEP][PASSED] - delay(2): Delayed 2 second(s)

2019-04-04 13:27:17 - [MESSAGE][PASSED] - Delayed 2 second(s)

2019-04-04 13:27:17 - [TEST_STEP][PASSED] - signedInPage = getUrl(): Current window's url is: 'http://ec2-54-148-80-155.us-west-2.compute.amazonaws.com:8080/Sites/#/site'

2019-04-04 13:27:17 - [MESSAGE][PASSED] - Current window's url is: 'http://ec2-54-148-80-155.us-west-2.compute.amazonaws.com:8080/Sites/#/site'

2019-04-04 13:27:17 - [TEST_STEP][PASSED] - assert signedInPage == home_site: null]]></system-out>
         <system-err><![CDATA[]]></system-err>
      </testcase>
      <testcase name="Test Cases/Sites/Add Site/TC4_Add_One_Site" classname="Test Cases/Sites/Add Site/TC4_Add_One_Site" status="PASSED">
         <system-out><![CDATA[2019-04-04 13:27:17 - [TEST_CASE][PASSED] - Test Cases/Sites/Add Site/TC4_Add_One_Site: Test Cases/Sites/Add Site/TC4_Add_One_Site

2019-04-04 13:27:17 - [TEST_STEP][PASSED] - click(findTestObject("Page_HomePage/Site/Add Site/a_Add Site")): Object: 'Object Repository/Page_HomePage/Site/Add Site/a_Add Site' is clicked on

2019-04-04 13:27:18 - [MESSAGE][PASSED] - Object: 'Object Repository/Page_HomePage/Site/Add Site/a_Add Site' is clicked on

2019-04-04 13:27:18 - [TEST_STEP][PASSED] - click(findTestObject("Page_HomePage/Site/Add Site/label_Enter Site Name")): Object: 'Object Repository/Page_HomePage/Site/Add Site/label_Enter Site Name' is clicked on

2019-04-04 13:27:18 - [MESSAGE][PASSED] - Object: 'Object Repository/Page_HomePage/Site/Add Site/label_Enter Site Name' is clicked on

2019-04-04 13:27:18 - [TEST_STEP][PASSED] - setText(findTestObject("Page_HomePage/Site/Add Site/input__siteName"), findTestData("Sites/TD_Sites").getValue(1, 1)): Text 'McDonald's 28' is set on object 'Object Repository/Page_HomePage/Site/Add Site/input__siteName'

2019-04-04 13:27:19 - [MESSAGE][PASSED] - Text 'McDonald's 28' is set on object 'Object Repository/Page_HomePage/Site/Add Site/input__siteName'

2019-04-04 13:27:19 - [TEST_STEP][PASSED] - click(findTestObject("Page_HomePage/Site/Add Site/label_Enter Address")): Object: 'Object Repository/Page_HomePage/Site/Add Site/label_Enter Address' is clicked on

2019-04-04 13:27:20 - [MESSAGE][PASSED] - Object: 'Object Repository/Page_HomePage/Site/Add Site/label_Enter Address' is clicked on

2019-04-04 13:27:20 - [TEST_STEP][PASSED] - setText(findTestObject("Page_HomePage/Site/Add Site/input_Enter Site Name_address"), findTestData("Sites/TD_Sites").getValue(2, 1)): Text '11321 Talbert Ave' is set on object 'Object Repository/Page_HomePage/Site/Add Site/input_Enter Site Name_address'

2019-04-04 13:27:20 - [MESSAGE][PASSED] - Text '11321 Talbert Ave' is set on object 'Object Repository/Page_HomePage/Site/Add Site/input_Enter Site Name_address'

2019-04-04 13:27:20 - [TEST_STEP][PASSED] - click(findTestObject("Page_HomePage/Site/Add Site/label_Enter City")): Object: 'Object Repository/Page_HomePage/Site/Add Site/label_Enter City' is clicked on

2019-04-04 13:27:20 - [MESSAGE][PASSED] - Object: 'Object Repository/Page_HomePage/Site/Add Site/label_Enter City' is clicked on

2019-04-04 13:27:20 - [TEST_STEP][PASSED] - setText(findTestObject("Page_HomePage/Site/Add Site/input_Enter Address_city"), findTestData("Sites/TD_Sites").getValue(3, 1)): Text 'Fountain Valley' is set on object 'Object Repository/Page_HomePage/Site/Add Site/input_Enter Address_city'

2019-04-04 13:27:21 - [MESSAGE][PASSED] - Text 'Fountain Valley' is set on object 'Object Repository/Page_HomePage/Site/Add Site/input_Enter Address_city'

2019-04-04 13:27:21 - [TEST_STEP][PASSED] - click(findTestObject("Page_HomePage/Site/Add Site/label_Enter State")): Object: 'Object Repository/Page_HomePage/Site/Add Site/label_Enter State' is clicked on

2019-04-04 13:27:21 - [MESSAGE][PASSED] - Object: 'Object Repository/Page_HomePage/Site/Add Site/label_Enter State' is clicked on

2019-04-04 13:27:21 - [TEST_STEP][PASSED] - setText(findTestObject("Page_HomePage/Site/Add Site/input_Enter City_state"), findTestData("Sites/TD_Sites").getValue(4, 1)): Text 'California' is set on object 'Object Repository/Page_HomePage/Site/Add Site/input_Enter City_state'

2019-04-04 13:27:22 - [MESSAGE][PASSED] - Text 'California' is set on object 'Object Repository/Page_HomePage/Site/Add Site/input_Enter City_state'

2019-04-04 13:27:22 - [TEST_STEP][PASSED] - click(findTestObject("Page_HomePage/Site/Add Site/a_NEXT")): Object: 'Object Repository/Page_HomePage/Site/Add Site/a_NEXT' is clicked on

2019-04-04 13:27:22 - [MESSAGE][PASSED] - Object: 'Object Repository/Page_HomePage/Site/Add Site/a_NEXT' is clicked on

2019-04-04 13:27:22 - [TEST_STEP][PASSED] - setText(findTestObject("Page_HomePage/Site/Add Site/input_NEXT_country"), findTestData("Sites/TD_Sites").getValue(5, 1)): Text 'United States' is set on object 'Object Repository/Page_HomePage/Site/Add Site/input_NEXT_country'

2019-04-04 13:27:23 - [MESSAGE][PASSED] - Text 'United States' is set on object 'Object Repository/Page_HomePage/Site/Add Site/input_NEXT_country'

2019-04-04 13:27:23 - [TEST_STEP][PASSED] - click(findTestObject("Page_HomePage/Site/Add Site/label_Enter ZIP Code")): Object: 'Object Repository/Page_HomePage/Site/Add Site/label_Enter ZIP Code' is clicked on

2019-04-04 13:27:24 - [MESSAGE][PASSED] - Object: 'Object Repository/Page_HomePage/Site/Add Site/label_Enter ZIP Code' is clicked on

2019-04-04 13:27:24 - [TEST_STEP][PASSED] - setText(findTestObject("Page_HomePage/Site/Add Site/input_Enter Country_ZIP"), findTestData("Sites/TD_Sites").getValue(6, 1)): Text '92708' is set on object 'Object Repository/Page_HomePage/Site/Add Site/input_Enter Country_ZIP'

2019-04-04 13:27:24 - [MESSAGE][PASSED] - Text '92708' is set on object 'Object Repository/Page_HomePage/Site/Add Site/input_Enter Country_ZIP'

2019-04-04 13:27:24 - [TEST_STEP][PASSED] - click(findTestObject("Page_HomePage/Site/Add Site/label_Enter Contact Name")): Object: 'Object Repository/Page_HomePage/Site/Add Site/label_Enter Contact Name' is clicked on

2019-04-04 13:27:25 - [MESSAGE][PASSED] - Object: 'Object Repository/Page_HomePage/Site/Add Site/label_Enter Contact Name' is clicked on

2019-04-04 13:27:25 - [TEST_STEP][PASSED] - setText(findTestObject("Page_HomePage/Site/Add Site/input_Enter ZIP Code_cName"), findTestData("Sites/TD_Sites").getValue(7, 1)): Text 'Ronald' is set on object 'Object Repository/Page_HomePage/Site/Add Site/input_Enter ZIP Code_cName'

2019-04-04 13:27:25 - [MESSAGE][PASSED] - Text 'Ronald' is set on object 'Object Repository/Page_HomePage/Site/Add Site/input_Enter ZIP Code_cName'

2019-04-04 13:27:25 - [TEST_STEP][PASSED] - click(findTestObject("Page_HomePage/Site/Add Site/label_Enter Location Phone Number")): Object: 'Object Repository/Page_HomePage/Site/Add Site/label_Enter Location Phone Number' is clicked on

2019-04-04 13:27:25 - [MESSAGE][PASSED] - Object: 'Object Repository/Page_HomePage/Site/Add Site/label_Enter Location Phone Number' is clicked on

2019-04-04 13:27:25 - [TEST_STEP][PASSED] - setText(findTestObject("Page_HomePage/Site/Add Site/input_Enter Contact Name_locationPhone"), findTestData("Sites/TD_Sites").getValue(8, 1)): Text '1234567899' is set on object 'Object Repository/Page_HomePage/Site/Add Site/input_Enter Contact Name_locationPhone'

2019-04-04 13:27:26 - [MESSAGE][PASSED] - Text '1234567899' is set on object 'Object Repository/Page_HomePage/Site/Add Site/input_Enter Contact Name_locationPhone'

2019-04-04 13:27:26 - [TEST_STEP][PASSED] - click(findTestObject("Page_HomePage/Site/Add Site/a_NEXT_1")): Object: 'Object Repository/Page_HomePage/Site/Add Site/a_NEXT_1' is clicked on

2019-04-04 13:27:26 - [MESSAGE][PASSED] - Object: 'Object Repository/Page_HomePage/Site/Add Site/a_NEXT_1' is clicked on

2019-04-04 13:27:26 - [TEST_STEP][PASSED] - click(findTestObject("Page_HomePage/Site/Add Site/a_Next (1)")): Object: 'Object Repository/Page_HomePage/Site/Add Site/a_Next (1)' is clicked on

2019-04-04 13:27:26 - [MESSAGE][PASSED] - Object: 'Object Repository/Page_HomePage/Site/Add Site/a_Next (1)' is clicked on

2019-04-04 13:27:26 - [TEST_STEP][PASSED] - click(findTestObject("Page_HomePage/Site/Add Site/a_Copy to all")): Object: 'Object Repository/Page_HomePage/Site/Add Site/a_Copy to all' is clicked on

2019-04-04 13:27:27 - [MESSAGE][PASSED] - Object: 'Object Repository/Page_HomePage/Site/Add Site/a_Copy to all' is clicked on

2019-04-04 13:27:27 - [TEST_STEP][PASSED] - verifyElementPresent(findTestObject("Page_HomePage/Site/Add Site/div_Success"), 20): Object 'Object Repository/Page_HomePage/Site/Add Site/div_Success' is present

2019-04-04 13:27:27 - [MESSAGE][PASSED] - Object 'Object Repository/Page_HomePage/Site/Add Site/div_Success' is present

2019-04-04 13:27:27 - [TEST_STEP][PASSED] - click(findTestObject("Page_HomePage/Site/Add Site/a_Next_1 (1)")): Object: 'Object Repository/Page_HomePage/Site/Add Site/a_Next_1 (1)' is clicked on

2019-04-04 13:27:27 - [MESSAGE][PASSED] - Object: 'Object Repository/Page_HomePage/Site/Add Site/a_Next_1 (1)' is clicked on

2019-04-04 13:27:27 - [TEST_STEP][PASSED] - click(findTestObject("Page_HomePage/Site/Add Site/a_Finish")): Object: 'Object Repository/Page_HomePage/Site/Add Site/a_Finish' is clicked on

2019-04-04 13:27:27 - [MESSAGE][PASSED] - Object: 'Object Repository/Page_HomePage/Site/Add Site/a_Finish' is clicked on

2019-04-04 13:27:27 - [TEST_STEP][PASSED] - verifyElementPresent(findTestObject("Page_HomePage/Site/Add Site/div_Success"), 20): Object 'Object Repository/Page_HomePage/Site/Add Site/div_Success' is present

2019-04-04 13:27:28 - [MESSAGE][PASSED] - Object 'Object Repository/Page_HomePage/Site/Add Site/div_Success' is present

2019-04-04 13:27:28 - [TEST_STEP][PASSED] - delay(2): Delayed 2 second(s)

2019-04-04 13:27:30 - [MESSAGE][PASSED] - Delayed 2 second(s)]]></system-out>
         <system-err><![CDATA[]]></system-err>
      </testcase>
      <testcase name="Test Cases/Sites/Delete Site/TC7_Delete_One_Site" classname="Test Cases/Sites/Delete Site/TC7_Delete_One_Site" status="ERROR">
         <error type="ERROR" message="Test Cases/Sites/Delete Site/TC7_Delete_One_Site FAILED.
Reason:
groovy.lang.MissingMethodException: No signature of method: static com.kms.katalon.core.webui.keyword.WebUiBuiltInKeywords.verifyElementPresent() is applicable for argument types: (com.kms.katalon.core.testobject.TestObject) values: [TestObject - 'Object Repository/Page_HomePage/Site/Delete Site/div_Site has been deleted successfully.']
Possible solutions: verifyElementPresent(com.kms.katalon.core.testobject.TestObject, int), verifyElementPresent(com.kms.katalon.core.testobject.TestObject, int, com.kms.katalon.core.model.FailureHandling), verifyElementNotPresent(com.kms.katalon.core.testobject.TestObject, int), verifyAlertPresent(int), verifyElementNotPresent(com.kms.katalon.core.testobject.TestObject, int, com.kms.katalon.core.model.FailureHandling)
	at TC7_Delete_One_Site.run(TC7_Delete_One_Site:20)
	at com.kms.katalon.core.main.ScriptEngine.run(ScriptEngine.java:194)
	at com.kms.katalon.core.main.ScriptEngine.runScriptAsRawText(ScriptEngine.java:119)
	at com.kms.katalon.core.main.TestCaseExecutor.runScript(TestCaseExecutor.java:331)
	at com.kms.katalon.core.main.TestCaseExecutor.doExecute(TestCaseExecutor.java:322)
	at com.kms.katalon.core.main.TestCaseExecutor.processExecutionPhase(TestCaseExecutor.java:301)
	at com.kms.katalon.core.main.TestCaseExecutor.accessMainPhase(TestCaseExecutor.java:293)
	at com.kms.katalon.core.main.TestCaseExecutor.execute(TestCaseExecutor.java:227)
	at com.kms.katalon.core.main.TestSuiteExecutor.accessTestCaseMainPhase(TestSuiteExecutor.java:129)
	at com.kms.katalon.core.main.TestSuiteExecutor.accessTestSuiteMainPhase(TestSuiteExecutor.java:112)
	at com.kms.katalon.core.main.TestSuiteExecutor.execute(TestSuiteExecutor.java:81)
	at com.kms.katalon.core.main.TestCaseMain.startTestSuite(TestCaseMain.java:157)
	at com.kms.katalon.core.main.TestCaseMain$startTestSuite$0.call(Unknown Source)
	at TempTestSuite1554409616685.run(TempTestSuite1554409616685.groovy:35)
"/>
         <system-out><![CDATA[2019-04-04 13:27:30 - [TEST_CASE][ERROR] - Test Cases/Sites/Delete Site/TC7_Delete_One_Site: Test Cases/Sites/Delete Site/TC7_Delete_One_Site FAILED.
Reason:
groovy.lang.MissingMethodException: No signature of method: static com.kms.katalon.core.webui.keyword.WebUiBuiltInKeywords.verifyElementPresent() is applicable for argument types: (com.kms.katalon.core.testobject.TestObject) values: [TestObject - 'Object Repository/Page_HomePage/Site/Delete Site/div_Site has been deleted successfully.']
Possible solutions: verifyElementPresent(com.kms.katalon.core.testobject.TestObject, int), verifyElementPresent(com.kms.katalon.core.testobject.TestObject, int, com.kms.katalon.core.model.FailureHandling), verifyElementNotPresent(com.kms.katalon.core.testobject.TestObject, int), verifyAlertPresent(int), verifyElementNotPresent(com.kms.katalon.core.testobject.TestObject, int, com.kms.katalon.core.model.FailureHandling)
	at TC7_Delete_One_Site.run(TC7_Delete_One_Site:20)
	at com.kms.katalon.core.main.ScriptEngine.run(ScriptEngine.java:194)
	at com.kms.katalon.core.main.ScriptEngine.runScriptAsRawText(ScriptEngine.java:119)
	at com.kms.katalon.core.main.TestCaseExecutor.runScript(TestCaseExecutor.java:331)
	at com.kms.katalon.core.main.TestCaseExecutor.doExecute(TestCaseExecutor.java:322)
	at com.kms.katalon.core.main.TestCaseExecutor.processExecutionPhase(TestCaseExecutor.java:301)
	at com.kms.katalon.core.main.TestCaseExecutor.accessMainPhase(TestCaseExecutor.java:293)
	at com.kms.katalon.core.main.TestCaseExecutor.execute(TestCaseExecutor.java:227)
	at com.kms.katalon.core.main.TestSuiteExecutor.accessTestCaseMainPhase(TestSuiteExecutor.java:129)
	at com.kms.katalon.core.main.TestSuiteExecutor.accessTestSuiteMainPhase(TestSuiteExecutor.java:112)
	at com.kms.katalon.core.main.TestSuiteExecutor.execute(TestSuiteExecutor.java:81)
	at com.kms.katalon.core.main.TestCaseMain.startTestSuite(TestCaseMain.java:157)
	at com.kms.katalon.core.main.TestCaseMain$startTestSuite$0.call(Unknown Source)
	at TempTestSuite1554409616685.run(TempTestSuite1554409616685.groovy:35)


2019-04-04 13:27:30 - [TEST_STEP][PASSED] - click(findTestObject("Page_HomePage/Site/Delete Site/delete_button")): Object: 'Object Repository/Page_HomePage/Site/Delete Site/delete_button' is clicked on

2019-04-04 13:27:31 - [MESSAGE][PASSED] - Object: 'Object Repository/Page_HomePage/Site/Delete Site/delete_button' is clicked on

2019-04-04 13:27:31 - [TEST_STEP][PASSED] - click(findTestObject("Page_HomePage/Site/Delete Site/span_Yes")): Object: 'Object Repository/Page_HomePage/Site/Delete Site/span_Yes' is clicked on

2019-04-04 13:27:31 - [MESSAGE][PASSED] - Object: 'Object Repository/Page_HomePage/Site/Delete Site/span_Yes' is clicked on

2019-04-04 13:27:31 - [TEST_STEP][ERROR] - verifyElementPresent(findTestObject("Page_HomePage/Site/Delete Site/div_Site has been deleted successfully.")): verifyElementPresent(findTestObject("Page_HomePage/Site/Delete Site/div_Site has been deleted successfully.")) FAILED.
Reason:
groovy.lang.MissingMethodException: No signature of method: static com.kms.katalon.core.webui.keyword.WebUiBuiltInKeywords.verifyElementPresent() is applicable for argument types: (com.kms.katalon.core.testobject.TestObject) values: [TestObject - 'Object Repository/Page_HomePage/Site/Delete Site/div_Site has been deleted successfully.']
Possible solutions: verifyElementPresent(com.kms.katalon.core.testobject.TestObject, int), verifyElementPresent(com.kms.katalon.core.testobject.TestObject, int, com.kms.katalon.core.model.FailureHandling), verifyElementNotPresent(com.kms.katalon.core.testobject.TestObject, int), verifyAlertPresent(int), verifyElementNotPresent(com.kms.katalon.core.testobject.TestObject, int, com.kms.katalon.core.model.FailureHandling)
	at TC7_Delete_One_Site.run(TC7_Delete_One_Site:20)
	at com.kms.katalon.core.main.ScriptEngine.run(ScriptEngine.java:194)
	at com.kms.katalon.core.main.ScriptEngine.runScriptAsRawText(ScriptEngine.java:119)
	at com.kms.katalon.core.main.TestCaseExecutor.runScript(TestCaseExecutor.java:331)
	at com.kms.katalon.core.main.TestCaseExecutor.doExecute(TestCaseExecutor.java:322)
	at com.kms.katalon.core.main.TestCaseExecutor.processExecutionPhase(TestCaseExecutor.java:301)
	at com.kms.katalon.core.main.TestCaseExecutor.accessMainPhase(TestCaseExecutor.java:293)
	at com.kms.katalon.core.main.TestCaseExecutor.execute(TestCaseExecutor.java:227)
	at com.kms.katalon.core.main.TestSuiteExecutor.accessTestCaseMainPhase(TestSuiteExecutor.java:129)
	at com.kms.katalon.core.main.TestSuiteExecutor.accessTestSuiteMainPhase(TestSuiteExecutor.java:112)
	at com.kms.katalon.core.main.TestSuiteExecutor.execute(TestSuiteExecutor.java:81)
	at com.kms.katalon.core.main.TestCaseMain.startTestSuite(TestCaseMain.java:157)
	at com.kms.katalon.core.main.TestCaseMain$startTestSuite$0.call(Unknown Source)
	at TempTestSuite1554409616685.run(TempTestSuite1554409616685.groovy:35)


2019-04-04 13:27:31 - [MESSAGE][ERROR] - verifyElementPresent(findTestObject("Page_HomePage/Site/Delete Site/div_Site has been deleted successfully.")) FAILED.
Reason:
groovy.lang.MissingMethodException: No signature of method: static com.kms.katalon.core.webui.keyword.WebUiBuiltInKeywords.verifyElementPresent() is applicable for argument types: (com.kms.katalon.core.testobject.TestObject) values: [TestObject - 'Object Repository/Page_HomePage/Site/Delete Site/div_Site has been deleted successfully.']
Possible solutions: verifyElementPresent(com.kms.katalon.core.testobject.TestObject, int), verifyElementPresent(com.kms.katalon.core.testobject.TestObject, int, com.kms.katalon.core.model.FailureHandling), verifyElementNotPresent(com.kms.katalon.core.testobject.TestObject, int), verifyAlertPresent(int), verifyElementNotPresent(com.kms.katalon.core.testobject.TestObject, int, com.kms.katalon.core.model.FailureHandling)
	at TC7_Delete_One_Site.run(TC7_Delete_One_Site:20)
	at com.kms.katalon.core.main.ScriptEngine.run(ScriptEngine.java:194)
	at com.kms.katalon.core.main.ScriptEngine.runScriptAsRawText(ScriptEngine.java:119)
	at com.kms.katalon.core.main.TestCaseExecutor.runScript(TestCaseExecutor.java:331)
	at com.kms.katalon.core.main.TestCaseExecutor.doExecute(TestCaseExecutor.java:322)
	at com.kms.katalon.core.main.TestCaseExecutor.processExecutionPhase(TestCaseExecutor.java:301)
	at com.kms.katalon.core.main.TestCaseExecutor.accessMainPhase(TestCaseExecutor.java:293)
	at com.kms.katalon.core.main.TestCaseExecutor.execute(TestCaseExecutor.java:227)
	at com.kms.katalon.core.main.TestSuiteExecutor.accessTestCaseMainPhase(TestSuiteExecutor.java:129)
	at com.kms.katalon.core.main.TestSuiteExecutor.accessTestSuiteMainPhase(TestSuiteExecutor.java:112)
	at com.kms.katalon.core.main.TestSuiteExecutor.execute(TestSuiteExecutor.java:81)
	at com.kms.katalon.core.main.TestCaseMain.startTestSuite(TestCaseMain.java:157)
	at com.kms.katalon.core.main.TestCaseMain$startTestSuite$0.call(Unknown Source)
	at TempTestSuite1554409616685.run(TempTestSuite1554409616685.groovy:35)]]></system-out>
         <system-err><![CDATA[2019-04-04 13:27:30 - [TEST_CASE][ERROR] - Test Cases/Sites/Delete Site/TC7_Delete_One_Site: Test Cases/Sites/Delete Site/TC7_Delete_One_Site FAILED.
Reason:
groovy.lang.MissingMethodException: No signature of method: static com.kms.katalon.core.webui.keyword.WebUiBuiltInKeywords.verifyElementPresent() is applicable for argument types: (com.kms.katalon.core.testobject.TestObject) values: [TestObject - 'Object Repository/Page_HomePage/Site/Delete Site/div_Site has been deleted successfully.']
Possible solutions: verifyElementPresent(com.kms.katalon.core.testobject.TestObject, int), verifyElementPresent(com.kms.katalon.core.testobject.TestObject, int, com.kms.katalon.core.model.FailureHandling), verifyElementNotPresent(com.kms.katalon.core.testobject.TestObject, int), verifyAlertPresent(int), verifyElementNotPresent(com.kms.katalon.core.testobject.TestObject, int, com.kms.katalon.core.model.FailureHandling)
	at TC7_Delete_One_Site.run(TC7_Delete_One_Site:20)
	at com.kms.katalon.core.main.ScriptEngine.run(ScriptEngine.java:194)
	at com.kms.katalon.core.main.ScriptEngine.runScriptAsRawText(ScriptEngine.java:119)
	at com.kms.katalon.core.main.TestCaseExecutor.runScript(TestCaseExecutor.java:331)
	at com.kms.katalon.core.main.TestCaseExecutor.doExecute(TestCaseExecutor.java:322)
	at com.kms.katalon.core.main.TestCaseExecutor.processExecutionPhase(TestCaseExecutor.java:301)
	at com.kms.katalon.core.main.TestCaseExecutor.accessMainPhase(TestCaseExecutor.java:293)
	at com.kms.katalon.core.main.TestCaseExecutor.execute(TestCaseExecutor.java:227)
	at com.kms.katalon.core.main.TestSuiteExecutor.accessTestCaseMainPhase(TestSuiteExecutor.java:129)
	at com.kms.katalon.core.main.TestSuiteExecutor.accessTestSuiteMainPhase(TestSuiteExecutor.java:112)
	at com.kms.katalon.core.main.TestSuiteExecutor.execute(TestSuiteExecutor.java:81)
	at com.kms.katalon.core.main.TestCaseMain.startTestSuite(TestCaseMain.java:157)
	at com.kms.katalon.core.main.TestCaseMain$startTestSuite$0.call(Unknown Source)
	at TempTestSuite1554409616685.run(TempTestSuite1554409616685.groovy:35)]]></system-err>
      </testcase>
      <system-out><![CDATA[2019-04-04 13:27:02 - [TEST_SUITE][ERROR] - TS4_Delete_Site: Test Cases/Sites/Delete Site/TC7_Delete_One_Site FAILED.
Reason:
groovy.lang.MissingMethodException: No signature of method: static com.kms.katalon.core.webui.keyword.WebUiBuiltInKeywords.verifyElementPresent() is applicable for argument types: (com.kms.katalon.core.testobject.TestObject) values: [TestObject - 'Object Repository/Page_HomePage/Site/Delete Site/div_Site has been deleted successfully.']
Possible solutions: verifyElementPresent(com.kms.katalon.core.testobject.TestObject, int), verifyElementPresent(com.kms.katalon.core.testobject.TestObject, int, com.kms.katalon.core.model.FailureHandling), verifyElementNotPresent(com.kms.katalon.core.testobject.TestObject, int), verifyAlertPresent(int), verifyElementNotPresent(com.kms.katalon.core.testobject.TestObject, int, com.kms.katalon.core.model.FailureHandling)
	at TC7_Delete_One_Site.run(TC7_Delete_One_Site:20)
	at com.kms.katalon.core.main.ScriptEngine.run(ScriptEngine.java:194)
	at com.kms.katalon.core.main.ScriptEngine.runScriptAsRawText(ScriptEngine.java:119)
	at com.kms.katalon.core.main.TestCaseExecutor.runScript(TestCaseExecutor.java:331)
	at com.kms.katalon.core.main.TestCaseExecutor.doExecute(TestCaseExecutor.java:322)
	at com.kms.katalon.core.main.TestCaseExecutor.processExecutionPhase(TestCaseExecutor.java:301)
	at com.kms.katalon.core.main.TestCaseExecutor.accessMainPhase(TestCaseExecutor.java:293)
	at com.kms.katalon.core.main.TestCaseExecutor.execute(TestCaseExecutor.java:227)
	at com.kms.katalon.core.main.TestSuiteExecutor.accessTestCaseMainPhase(TestSuiteExecutor.java:129)
	at com.kms.katalon.core.main.TestSuiteExecutor.accessTestSuiteMainPhase(TestSuiteExecutor.java:112)
	at com.kms.katalon.core.main.TestSuiteExecutor.execute(TestSuiteExecutor.java:81)
	at com.kms.katalon.core.main.TestCaseMain.startTestSuite(TestCaseMain.java:157)
	at com.kms.katalon.core.main.TestCaseMain$startTestSuite$0.call(Unknown Source)
	at TempTestSuite1554409616685.run(TempTestSuite1554409616685.groovy:35)]]></system-out>
      <system-err><![CDATA[2019-04-04 13:27:02 - [TEST_SUITE][ERROR] - TS4_Delete_Site: Test Cases/Sites/Delete Site/TC7_Delete_One_Site FAILED.
Reason:
groovy.lang.MissingMethodException: No signature of method: static com.kms.katalon.core.webui.keyword.WebUiBuiltInKeywords.verifyElementPresent() is applicable for argument types: (com.kms.katalon.core.testobject.TestObject) values: [TestObject - 'Object Repository/Page_HomePage/Site/Delete Site/div_Site has been deleted successfully.']
Possible solutions: verifyElementPresent(com.kms.katalon.core.testobject.TestObject, int), verifyElementPresent(com.kms.katalon.core.testobject.TestObject, int, com.kms.katalon.core.model.FailureHandling), verifyElementNotPresent(com.kms.katalon.core.testobject.TestObject, int), verifyAlertPresent(int), verifyElementNotPresent(com.kms.katalon.core.testobject.TestObject, int, com.kms.katalon.core.model.FailureHandling)
	at TC7_Delete_One_Site.run(TC7_Delete_One_Site:20)
	at com.kms.katalon.core.main.ScriptEngine.run(ScriptEngine.java:194)
	at com.kms.katalon.core.main.ScriptEngine.runScriptAsRawText(ScriptEngine.java:119)
	at com.kms.katalon.core.main.TestCaseExecutor.runScript(TestCaseExecutor.java:331)
	at com.kms.katalon.core.main.TestCaseExecutor.doExecute(TestCaseExecutor.java:322)
	at com.kms.katalon.core.main.TestCaseExecutor.processExecutionPhase(TestCaseExecutor.java:301)
	at com.kms.katalon.core.main.TestCaseExecutor.accessMainPhase(TestCaseExecutor.java:293)
	at com.kms.katalon.core.main.TestCaseExecutor.execute(TestCaseExecutor.java:227)
	at com.kms.katalon.core.main.TestSuiteExecutor.accessTestCaseMainPhase(TestSuiteExecutor.java:129)
	at com.kms.katalon.core.main.TestSuiteExecutor.accessTestSuiteMainPhase(TestSuiteExecutor.java:112)
	at com.kms.katalon.core.main.TestSuiteExecutor.execute(TestSuiteExecutor.java:81)
	at com.kms.katalon.core.main.TestCaseMain.startTestSuite(TestCaseMain.java:157)
	at com.kms.katalon.core.main.TestCaseMain$startTestSuite$0.call(Unknown Source)
	at TempTestSuite1554409616685.run(TempTestSuite1554409616685.groovy:35)]]></system-err>
   </testsuite>
</testsuites>
