<?xml version="1.0" encoding="UTF-8"?>
<testsuites name="TS_Regression_Test" time="53" tests="4" failures="3" errors="0">
   <testsuite name="TS_Regression_Test" tests="4" failures="3" errors="0" time="53" timestamp="2019-04-04 13:54:34" hostname="ktran - engshare.delphidisplay.com" id="Test Suites/TS_Regression_Test">
      <properties>
         <property name="deviceName" value=""/>
         <property name="devicePlatform" value=""/>
         <property name="logFolder" value="C:\\Users\\ktran\\Katalon Studio\\cloud_test2\\Reports\\TS_Regression_Test\\20190404_135428"/>
         <property name="logFiles" value="C:\\Users\\ktran\\Katalon Studio\\cloud_test2\\Reports\\TS_Regression_Test\\20190404_135428\\execution0.log"/>
         <property name="attachments" value="C:\\Users\\ktran\\Katalon Studio\\cloud_test2\\Reports\\TS_Regression_Test\\20190404_135428\\1554411323250.png, C:\\Users\\ktran\\Katalon Studio\\cloud_test2\\Reports\\TS_Regression_Test\\20190404_135428\\1554411324305.png, C:\\Users\\ktran\\Katalon Studio\\cloud_test2\\Reports\\TS_Regression_Test\\20190404_135428\\1554411327398.png"/>
         <property name="hostName" value="ktran - engshare.delphidisplay.com"/>
         <property name="os" value="Windows 10 64bit"/>
         <property name="katalonVersion" value="6.0.5.10"/>
         <property name="browser" value="Chrome 73.0.3683.86"/>
         <property name="hostAddress" value="192.168.11.14"/>
         <property name="sessionId" value="94ef306b7f427291b327cf03afee3da5"/>
         <property name="seleniumVersion" value="3.7.1"/>
         <property name="proxyInformation" value="ProxyInformation{proxyOption=NO_PROXY, proxyServerType=HTTP, password=, proxyServerAddress=, proxyServerPort=0}"/>
         <property name="platform" value="Windows 10"/>
      </properties>
      <testcase name="Test Cases/Login_Tests/TC2_Login_Invalid" classname="Test Cases/Login_Tests/TC2_Login_Invalid" status="PASSED">
         <system-out><![CDATA[2019-04-04 13:54:34 - [TEST_CASE][PASSED] - Test Cases/Login_Tests/TC2_Login_Invalid: Test Cases/Login_Tests/TC2_Login_Invalid

2019-04-04 13:54:35 - [TEST_STEP][PASSED] - login_site = "http://ec2-54-148-80-155.us-west-2.compute.amazonaws.com:8080/Sites/#/login": null

2019-04-04 13:54:35 - [TEST_STEP][PASSED] - openBrowser(""): Browser is opened with url: ''

2019-04-04 13:54:36 - [MESSAGE][INFO] - Starting 'Chrome' driver

2019-04-04 13:54:36 - [MESSAGE][INFO] - Action delay is set to 0 seconds

2019-04-04 13:54:40 - [MESSAGE][PASSED] - Browser is opened with url: ''

2019-04-04 13:54:40 - [TEST_STEP][PASSED] - navigateToUrl(login_site): Navigate to 'http://ec2-54-148-80-155.us-west-2.compute.amazonaws.com:8080/Sites/#/login' successfully

2019-04-04 13:54:42 - [MESSAGE][PASSED] - Navigate to 'http://ec2-54-148-80-155.us-west-2.compute.amazonaws.com:8080/Sites/#/login' successfully

2019-04-04 13:54:42 - [TEST_STEP][PASSED] - setText(findTestObject("Page_Login/input_Username"), findTestData("Login/TD_Login").getValue(1, 1)): Text 'invalid' is set on object 'Object Repository/Page_Login/input_Username'

2019-04-04 13:54:44 - [MESSAGE][PASSED] - Text 'invalid' is set on object 'Object Repository/Page_Login/input_Username'

2019-04-04 13:54:44 - [TEST_STEP][PASSED] - setText(findTestObject("Page_Login/input_Password"), findTestData("Login/TD_Login").getValue(2, 1)): Text 'invalid' is set on object 'Object Repository/Page_Login/input_Password'

2019-04-04 13:54:45 - [MESSAGE][PASSED] - Text 'invalid' is set on object 'Object Repository/Page_Login/input_Password'

2019-04-04 13:54:45 - [TEST_STEP][PASSED] - click(findTestObject("Page_Login/a_Login")): Object: 'Object Repository/Page_Login/a_Login' is clicked on

2019-04-04 13:54:45 - [MESSAGE][PASSED] - Object: 'Object Repository/Page_Login/a_Login' is clicked on

2019-04-04 13:54:45 - [TEST_STEP][PASSED] - verifyElementPresent(findTestObject("Page_Login/div_Invalid username or password"), 2): Object 'Object Repository/Page_Login/div_Invalid username or password' is present

2019-04-04 13:54:46 - [MESSAGE][PASSED] - Object 'Object Repository/Page_Login/div_Invalid username or password' is present

2019-04-04 13:54:46 - [TEST_STEP][PASSED] - current_site = getUrl(): Current window's url is: 'http://ec2-54-148-80-155.us-west-2.compute.amazonaws.com:8080/Sites/#/login'

2019-04-04 13:54:46 - [MESSAGE][PASSED] - Current window's url is: 'http://ec2-54-148-80-155.us-west-2.compute.amazonaws.com:8080/Sites/#/login'

2019-04-04 13:54:46 - [TEST_STEP][PASSED] - assert current_site == login_site: null]]></system-out>
         <system-err><![CDATA[]]></system-err>
      </testcase>
      <testcase name="Test Cases/Login_Tests/TC1_Login_Valid" classname="Test Cases/Login_Tests/TC1_Login_Valid" status="PASSED">
         <system-out><![CDATA[2019-04-04 13:54:46 - [TEST_CASE][PASSED] - Test Cases/Login_Tests/TC1_Login_Valid: Test Cases/Login_Tests/TC1_Login_Valid

2019-04-04 13:54:46 - [TEST_STEP][PASSED] - login_site = "http://ec2-54-148-80-155.us-west-2.compute.amazonaws.com:8080/Sites/#/login": null

2019-04-04 13:54:46 - [TEST_STEP][PASSED] - home_site = "http://ec2-54-148-80-155.us-west-2.compute.amazonaws.com:8080/Sites/#/site": null

2019-04-04 13:54:46 - [TEST_STEP][PASSED] - openBrowser(""): Browser is opened with url: ''

2019-04-04 13:54:46 - [MESSAGE][WARNING] - A browser is already opened. Closing browser and opening a new one

2019-04-04 13:54:47 - [MESSAGE][INFO] - Starting 'Chrome' driver

2019-04-04 13:54:50 - [MESSAGE][PASSED] - Browser is opened with url: ''

2019-04-04 13:54:50 - [TEST_STEP][PASSED] - navigateToUrl(login_site): Navigate to 'http://ec2-54-148-80-155.us-west-2.compute.amazonaws.com:8080/Sites/#/login' successfully

2019-04-04 13:54:51 - [MESSAGE][PASSED] - Navigate to 'http://ec2-54-148-80-155.us-west-2.compute.amazonaws.com:8080/Sites/#/login' successfully

2019-04-04 13:54:51 - [TEST_STEP][PASSED] - setText(findTestObject("Page_Login/input_Username"), findTestData("Login/TD_Login").getValue(1, 2)): Text 'ktran' is set on object 'Object Repository/Page_Login/input_Username'

2019-04-04 13:54:53 - [MESSAGE][PASSED] - Text 'ktran' is set on object 'Object Repository/Page_Login/input_Username'

2019-04-04 13:54:53 - [TEST_STEP][PASSED] - setText(findTestObject("Page_Login/input_Password"), findTestData("Login/TD_Login").getValue(2, 2)): Text 'test!ng1' is set on object 'Object Repository/Page_Login/input_Password'

2019-04-04 13:54:53 - [MESSAGE][PASSED] - Text 'test!ng1' is set on object 'Object Repository/Page_Login/input_Password'

2019-04-04 13:54:53 - [TEST_STEP][PASSED] - click(findTestObject("Page_Login/a_Login")): Object: 'Object Repository/Page_Login/a_Login' is clicked on

2019-04-04 13:54:53 - [MESSAGE][PASSED] - Object: 'Object Repository/Page_Login/a_Login' is clicked on

2019-04-04 13:54:53 - [TEST_STEP][PASSED] - delay(2): Delayed 2 second(s)

2019-04-04 13:54:55 - [MESSAGE][PASSED] - Delayed 2 second(s)

2019-04-04 13:54:55 - [TEST_STEP][PASSED] - signedInPage = getUrl(): Current window's url is: 'http://ec2-54-148-80-155.us-west-2.compute.amazonaws.com:8080/Sites/#/site'

2019-04-04 13:54:55 - [MESSAGE][PASSED] - Current window's url is: 'http://ec2-54-148-80-155.us-west-2.compute.amazonaws.com:8080/Sites/#/site'

2019-04-04 13:54:55 - [TEST_STEP][PASSED] - assert signedInPage == home_site: null]]></system-out>
         <system-err><![CDATA[]]></system-err>
      </testcase>
      <testcase name="Test Cases/Sites/Add Site/TC4_Add_One_Site" classname="Test Cases/Sites/Add Site/TC4_Add_One_Site" status="PASSED">
         <system-out><![CDATA[2019-04-04 13:54:55 - [TEST_CASE][PASSED] - Test Cases/Sites/Add Site/TC4_Add_One_Site: Test Cases/Sites/Add Site/TC4_Add_One_Site

2019-04-04 13:54:56 - [TEST_STEP][PASSED] - click(findTestObject("Page_HomePage/Site/Add Site/a_Add Site")): Object: 'Object Repository/Page_HomePage/Site/Add Site/a_Add Site' is clicked on

2019-04-04 13:54:56 - [MESSAGE][PASSED] - Object: 'Object Repository/Page_HomePage/Site/Add Site/a_Add Site' is clicked on

2019-04-04 13:54:56 - [TEST_STEP][PASSED] - click(findTestObject("Page_HomePage/Site/Add Site/label_Enter Site Name")): Object: 'Object Repository/Page_HomePage/Site/Add Site/label_Enter Site Name' is clicked on

2019-04-04 13:54:57 - [MESSAGE][PASSED] - Object: 'Object Repository/Page_HomePage/Site/Add Site/label_Enter Site Name' is clicked on

2019-04-04 13:54:57 - [TEST_STEP][PASSED] - setText(findTestObject("Page_HomePage/Site/Add Site/input__siteName"), findTestData("Sites/TD_Sites").getValue(1, 1)): Text 'McDonald's 40' is set on object 'Object Repository/Page_HomePage/Site/Add Site/input__siteName'

2019-04-04 13:54:57 - [MESSAGE][PASSED] - Text 'McDonald's 40' is set on object 'Object Repository/Page_HomePage/Site/Add Site/input__siteName'

2019-04-04 13:54:57 - [TEST_STEP][PASSED] - click(findTestObject("Page_HomePage/Site/Add Site/label_Enter Address")): Object: 'Object Repository/Page_HomePage/Site/Add Site/label_Enter Address' is clicked on

2019-04-04 13:54:58 - [MESSAGE][PASSED] - Object: 'Object Repository/Page_HomePage/Site/Add Site/label_Enter Address' is clicked on

2019-04-04 13:54:58 - [TEST_STEP][PASSED] - setText(findTestObject("Page_HomePage/Site/Add Site/input_Enter Site Name_address"), findTestData("Sites/TD_Sites").getValue(2, 1)): Text '11321 Talbert Ave' is set on object 'Object Repository/Page_HomePage/Site/Add Site/input_Enter Site Name_address'

2019-04-04 13:54:58 - [MESSAGE][PASSED] - Text '11321 Talbert Ave' is set on object 'Object Repository/Page_HomePage/Site/Add Site/input_Enter Site Name_address'

2019-04-04 13:54:58 - [TEST_STEP][PASSED] - click(findTestObject("Page_HomePage/Site/Add Site/label_Enter City")): Object: 'Object Repository/Page_HomePage/Site/Add Site/label_Enter City' is clicked on

2019-04-04 13:54:59 - [MESSAGE][PASSED] - Object: 'Object Repository/Page_HomePage/Site/Add Site/label_Enter City' is clicked on

2019-04-04 13:54:59 - [TEST_STEP][PASSED] - setText(findTestObject("Page_HomePage/Site/Add Site/input_Enter Address_city"), findTestData("Sites/TD_Sites").getValue(3, 1)): Text 'Fountain Valley' is set on object 'Object Repository/Page_HomePage/Site/Add Site/input_Enter Address_city'

2019-04-04 13:54:59 - [MESSAGE][PASSED] - Text 'Fountain Valley' is set on object 'Object Repository/Page_HomePage/Site/Add Site/input_Enter Address_city'

2019-04-04 13:54:59 - [TEST_STEP][PASSED] - click(findTestObject("Page_HomePage/Site/Add Site/label_Enter State")): Object: 'Object Repository/Page_HomePage/Site/Add Site/label_Enter State' is clicked on

2019-04-04 13:54:59 - [MESSAGE][PASSED] - Object: 'Object Repository/Page_HomePage/Site/Add Site/label_Enter State' is clicked on

2019-04-04 13:54:59 - [TEST_STEP][PASSED] - setText(findTestObject("Page_HomePage/Site/Add Site/input_Enter City_state"), findTestData("Sites/TD_Sites").getValue(4, 1)): Text 'California' is set on object 'Object Repository/Page_HomePage/Site/Add Site/input_Enter City_state'

2019-04-04 13:55:00 - [MESSAGE][PASSED] - Text 'California' is set on object 'Object Repository/Page_HomePage/Site/Add Site/input_Enter City_state'

2019-04-04 13:55:00 - [TEST_STEP][PASSED] - click(findTestObject("Page_HomePage/Site/Add Site/a_NEXT")): Object: 'Object Repository/Page_HomePage/Site/Add Site/a_NEXT' is clicked on

2019-04-04 13:55:00 - [MESSAGE][PASSED] - Object: 'Object Repository/Page_HomePage/Site/Add Site/a_NEXT' is clicked on

2019-04-04 13:55:00 - [TEST_STEP][PASSED] - setText(findTestObject("Page_HomePage/Site/Add Site/input_NEXT_country"), findTestData("Sites/TD_Sites").getValue(5, 1)): Text 'United States' is set on object 'Object Repository/Page_HomePage/Site/Add Site/input_NEXT_country'

2019-04-04 13:55:01 - [MESSAGE][PASSED] - Text 'United States' is set on object 'Object Repository/Page_HomePage/Site/Add Site/input_NEXT_country'

2019-04-04 13:55:01 - [TEST_STEP][PASSED] - click(findTestObject("Page_HomePage/Site/Add Site/label_Enter ZIP Code")): Object: 'Object Repository/Page_HomePage/Site/Add Site/label_Enter ZIP Code' is clicked on

2019-04-04 13:55:01 - [MESSAGE][PASSED] - Object: 'Object Repository/Page_HomePage/Site/Add Site/label_Enter ZIP Code' is clicked on

2019-04-04 13:55:01 - [TEST_STEP][PASSED] - setText(findTestObject("Page_HomePage/Site/Add Site/input_Enter Country_ZIP"), findTestData("Sites/TD_Sites").getValue(6, 1)): Text '92708' is set on object 'Object Repository/Page_HomePage/Site/Add Site/input_Enter Country_ZIP'

2019-04-04 13:55:01 - [MESSAGE][PASSED] - Text '92708' is set on object 'Object Repository/Page_HomePage/Site/Add Site/input_Enter Country_ZIP'

2019-04-04 13:55:01 - [TEST_STEP][PASSED] - click(findTestObject("Page_HomePage/Site/Add Site/label_Enter Contact Name")): Object: 'Object Repository/Page_HomePage/Site/Add Site/label_Enter Contact Name' is clicked on

2019-04-04 13:55:01 - [MESSAGE][PASSED] - Object: 'Object Repository/Page_HomePage/Site/Add Site/label_Enter Contact Name' is clicked on

2019-04-04 13:55:01 - [TEST_STEP][PASSED] - setText(findTestObject("Page_HomePage/Site/Add Site/input_Enter ZIP Code_cName"), findTestData("Sites/TD_Sites").getValue(7, 1)): Text 'Ronald' is set on object 'Object Repository/Page_HomePage/Site/Add Site/input_Enter ZIP Code_cName'

2019-04-04 13:55:02 - [MESSAGE][PASSED] - Text 'Ronald' is set on object 'Object Repository/Page_HomePage/Site/Add Site/input_Enter ZIP Code_cName'

2019-04-04 13:55:02 - [TEST_STEP][PASSED] - click(findTestObject("Page_HomePage/Site/Add Site/label_Enter Location Phone Number")): Object: 'Object Repository/Page_HomePage/Site/Add Site/label_Enter Location Phone Number' is clicked on

2019-04-04 13:55:02 - [MESSAGE][PASSED] - Object: 'Object Repository/Page_HomePage/Site/Add Site/label_Enter Location Phone Number' is clicked on

2019-04-04 13:55:02 - [TEST_STEP][PASSED] - setText(findTestObject("Page_HomePage/Site/Add Site/input_Enter Contact Name_locationPhone"), findTestData("Sites/TD_Sites").getValue(8, 1)): Text '1234567899' is set on object 'Object Repository/Page_HomePage/Site/Add Site/input_Enter Contact Name_locationPhone'

2019-04-04 13:55:02 - [MESSAGE][PASSED] - Text '1234567899' is set on object 'Object Repository/Page_HomePage/Site/Add Site/input_Enter Contact Name_locationPhone'

2019-04-04 13:55:02 - [TEST_STEP][PASSED] - click(findTestObject("Page_HomePage/Site/Add Site/a_NEXT_1")): Object: 'Object Repository/Page_HomePage/Site/Add Site/a_NEXT_1' is clicked on

2019-04-04 13:55:03 - [MESSAGE][PASSED] - Object: 'Object Repository/Page_HomePage/Site/Add Site/a_NEXT_1' is clicked on

2019-04-04 13:55:03 - [TEST_STEP][PASSED] - click(findTestObject("Page_HomePage/Site/Add Site/a_Next (1)")): Object: 'Object Repository/Page_HomePage/Site/Add Site/a_Next (1)' is clicked on

2019-04-04 13:55:03 - [MESSAGE][PASSED] - Object: 'Object Repository/Page_HomePage/Site/Add Site/a_Next (1)' is clicked on

2019-04-04 13:55:03 - [TEST_STEP][PASSED] - click(findTestObject("Page_HomePage/Site/Add Site/a_Copy to all")): Object: 'Object Repository/Page_HomePage/Site/Add Site/a_Copy to all' is clicked on

2019-04-04 13:55:03 - [MESSAGE][PASSED] - Object: 'Object Repository/Page_HomePage/Site/Add Site/a_Copy to all' is clicked on

2019-04-04 13:55:03 - [TEST_STEP][PASSED] - verifyElementPresent(findTestObject("Page_HomePage/Site/Add Site/div_Success"), 20): Object 'Object Repository/Page_HomePage/Site/Add Site/div_Success' is present

2019-04-04 13:55:03 - [MESSAGE][PASSED] - Object 'Object Repository/Page_HomePage/Site/Add Site/div_Success' is present

2019-04-04 13:55:03 - [TEST_STEP][PASSED] - click(findTestObject("Page_HomePage/Site/Add Site/a_Next_1 (1)")): Object: 'Object Repository/Page_HomePage/Site/Add Site/a_Next_1 (1)' is clicked on

2019-04-04 13:55:03 - [MESSAGE][PASSED] - Object: 'Object Repository/Page_HomePage/Site/Add Site/a_Next_1 (1)' is clicked on

2019-04-04 13:55:03 - [TEST_STEP][PASSED] - click(findTestObject("Page_HomePage/Site/Add Site/a_Finish")): Object: 'Object Repository/Page_HomePage/Site/Add Site/a_Finish' is clicked on

2019-04-04 13:55:03 - [MESSAGE][PASSED] - Object: 'Object Repository/Page_HomePage/Site/Add Site/a_Finish' is clicked on

2019-04-04 13:55:03 - [TEST_STEP][PASSED] - verifyElementPresent(findTestObject("Page_HomePage/Site/Add Site/div_Success"), 20): Object 'Object Repository/Page_HomePage/Site/Add Site/div_Success' is present

2019-04-04 13:55:04 - [MESSAGE][PASSED] - Object 'Object Repository/Page_HomePage/Site/Add Site/div_Success' is present

2019-04-04 13:55:04 - [TEST_STEP][PASSED] - delay(2): Delayed 2 second(s)

2019-04-04 13:55:06 - [MESSAGE][PASSED] - Delayed 2 second(s)]]></system-out>
         <system-err><![CDATA[]]></system-err>
      </testcase>
      <testcase name="Test Cases/Sites/Add Site/TC5_Add_Multiple_Sites" classname="Test Cases/Sites/Add Site/TC5_Add_Multiple_Sites" status="PASSED">
         <system-out><![CDATA[2019-04-04 13:55:06 - [TEST_CASE][PASSED] - Test Cases/Sites/Add Site/TC5_Add_Multiple_Sites: Test Cases/Sites/Add Site/TC5_Add_Multiple_Sites

2019-04-04 13:55:06 - [TEST_STEP][PASSED] - for ([row = 2, row <= findTestData("Sites/TD_Sites").getRowNumbers(), (row++)]): Delayed 2 second(s)

2019-04-04 13:55:06 - [TEST_STEP][PASSED] - click(findTestObject("Page_HomePage/Site/Add Site/a_Add Site")): Object: 'Object Repository/Page_HomePage/Site/Add Site/a_Add Site' is clicked on

2019-04-04 13:55:06 - [MESSAGE][PASSED] - Object: 'Object Repository/Page_HomePage/Site/Add Site/a_Add Site' is clicked on

2019-04-04 13:55:06 - [TEST_STEP][PASSED] - click(findTestObject("Page_HomePage/Site/Add Site/label_Enter Site Name")): Object: 'Object Repository/Page_HomePage/Site/Add Site/label_Enter Site Name' is clicked on

2019-04-04 13:55:07 - [MESSAGE][PASSED] - Object: 'Object Repository/Page_HomePage/Site/Add Site/label_Enter Site Name' is clicked on

2019-04-04 13:55:07 - [TEST_STEP][PASSED] - setText(findTestObject("Page_HomePage/Site/Add Site/input__siteName"), findTestData("Sites/TD_Sites").getValue(1, row)): Text 'McDonald's 41' is set on object 'Object Repository/Page_HomePage/Site/Add Site/input__siteName'

2019-04-04 13:55:07 - [MESSAGE][PASSED] - Text 'McDonald's 41' is set on object 'Object Repository/Page_HomePage/Site/Add Site/input__siteName'

2019-04-04 13:55:07 - [TEST_STEP][PASSED] - click(findTestObject("Page_HomePage/Site/Add Site/label_Enter Address")): Object: 'Object Repository/Page_HomePage/Site/Add Site/label_Enter Address' is clicked on

2019-04-04 13:55:07 - [MESSAGE][PASSED] - Object: 'Object Repository/Page_HomePage/Site/Add Site/label_Enter Address' is clicked on

2019-04-04 13:55:07 - [TEST_STEP][PASSED] - setText(findTestObject("Page_HomePage/Site/Add Site/input_Enter Site Name_address"), findTestData("Sites/TD_Sites").getValue(2, row)): Text '3141 Harbor Blvd' is set on object 'Object Repository/Page_HomePage/Site/Add Site/input_Enter Site Name_address'

2019-04-04 13:55:08 - [MESSAGE][PASSED] - Text '3141 Harbor Blvd' is set on object 'Object Repository/Page_HomePage/Site/Add Site/input_Enter Site Name_address'

2019-04-04 13:55:08 - [TEST_STEP][PASSED] - click(findTestObject("Page_HomePage/Site/Add Site/label_Enter City")): Object: 'Object Repository/Page_HomePage/Site/Add Site/label_Enter City' is clicked on

2019-04-04 13:55:08 - [MESSAGE][PASSED] - Object: 'Object Repository/Page_HomePage/Site/Add Site/label_Enter City' is clicked on

2019-04-04 13:55:08 - [TEST_STEP][PASSED] - setText(findTestObject("Page_HomePage/Site/Add Site/input_Enter Address_city"), findTestData("Sites/TD_Sites").getValue(3, row)): Text 'Costa Mesa' is set on object 'Object Repository/Page_HomePage/Site/Add Site/input_Enter Address_city'

2019-04-04 13:55:09 - [MESSAGE][PASSED] - Text 'Costa Mesa' is set on object 'Object Repository/Page_HomePage/Site/Add Site/input_Enter Address_city'

2019-04-04 13:55:09 - [TEST_STEP][PASSED] - click(findTestObject("Page_HomePage/Site/Add Site/label_Enter State")): Object: 'Object Repository/Page_HomePage/Site/Add Site/label_Enter State' is clicked on

2019-04-04 13:55:09 - [MESSAGE][PASSED] - Object: 'Object Repository/Page_HomePage/Site/Add Site/label_Enter State' is clicked on

2019-04-04 13:55:09 - [TEST_STEP][PASSED] - setText(findTestObject("Page_HomePage/Site/Add Site/input_Enter City_state"), findTestData("Sites/TD_Sites").getValue(4, row)): Text 'California' is set on object 'Object Repository/Page_HomePage/Site/Add Site/input_Enter City_state'

2019-04-04 13:55:09 - [MESSAGE][PASSED] - Text 'California' is set on object 'Object Repository/Page_HomePage/Site/Add Site/input_Enter City_state'

2019-04-04 13:55:09 - [TEST_STEP][PASSED] - click(findTestObject("Page_HomePage/Site/Add Site/a_NEXT")): Object: 'Object Repository/Page_HomePage/Site/Add Site/a_NEXT' is clicked on

2019-04-04 13:55:09 - [MESSAGE][PASSED] - Object: 'Object Repository/Page_HomePage/Site/Add Site/a_NEXT' is clicked on

2019-04-04 13:55:09 - [TEST_STEP][PASSED] - setText(findTestObject("Page_HomePage/Site/Add Site/input_NEXT_country"), findTestData("Sites/TD_Sites").getValue(5, row)): Text 'United States' is set on object 'Object Repository/Page_HomePage/Site/Add Site/input_NEXT_country'

2019-04-04 13:55:10 - [MESSAGE][PASSED] - Text 'United States' is set on object 'Object Repository/Page_HomePage/Site/Add Site/input_NEXT_country'

2019-04-04 13:55:10 - [TEST_STEP][PASSED] - click(findTestObject("Page_HomePage/Site/Add Site/label_Enter ZIP Code")): Object: 'Object Repository/Page_HomePage/Site/Add Site/label_Enter ZIP Code' is clicked on

2019-04-04 13:55:10 - [MESSAGE][PASSED] - Object: 'Object Repository/Page_HomePage/Site/Add Site/label_Enter ZIP Code' is clicked on

2019-04-04 13:55:10 - [TEST_STEP][PASSED] - setText(findTestObject("Page_HomePage/Site/Add Site/input_Enter Country_ZIP"), findTestData("Sites/TD_Sites").getValue(6, row)): Text '92626' is set on object 'Object Repository/Page_HomePage/Site/Add Site/input_Enter Country_ZIP'

2019-04-04 13:55:10 - [MESSAGE][PASSED] - Text '92626' is set on object 'Object Repository/Page_HomePage/Site/Add Site/input_Enter Country_ZIP'

2019-04-04 13:55:10 - [TEST_STEP][PASSED] - click(findTestObject("Page_HomePage/Site/Add Site/label_Enter Contact Name")): Object: 'Object Repository/Page_HomePage/Site/Add Site/label_Enter Contact Name' is clicked on

2019-04-04 13:55:10 - [MESSAGE][PASSED] - Object: 'Object Repository/Page_HomePage/Site/Add Site/label_Enter Contact Name' is clicked on

2019-04-04 13:55:10 - [TEST_STEP][PASSED] - setText(findTestObject("Page_HomePage/Site/Add Site/input_Enter ZIP Code_cName"), findTestData("Sites/TD_Sites").getValue(7, row)): Text 'Ronalda' is set on object 'Object Repository/Page_HomePage/Site/Add Site/input_Enter ZIP Code_cName'

2019-04-04 13:55:11 - [MESSAGE][PASSED] - Text 'Ronalda' is set on object 'Object Repository/Page_HomePage/Site/Add Site/input_Enter ZIP Code_cName'

2019-04-04 13:55:11 - [TEST_STEP][PASSED] - click(findTestObject("Page_HomePage/Site/Add Site/label_Enter Location Phone Number")): Object: 'Object Repository/Page_HomePage/Site/Add Site/label_Enter Location Phone Number' is clicked on

2019-04-04 13:55:11 - [MESSAGE][PASSED] - Object: 'Object Repository/Page_HomePage/Site/Add Site/label_Enter Location Phone Number' is clicked on

2019-04-04 13:55:11 - [TEST_STEP][PASSED] - setText(findTestObject("Page_HomePage/Site/Add Site/input_Enter Contact Name_locationPhone"), findTestData("Sites/TD_Sites").getValue(8, row)): Text '1234567899' is set on object 'Object Repository/Page_HomePage/Site/Add Site/input_Enter Contact Name_locationPhone'

2019-04-04 13:55:11 - [MESSAGE][PASSED] - Text '1234567899' is set on object 'Object Repository/Page_HomePage/Site/Add Site/input_Enter Contact Name_locationPhone'

2019-04-04 13:55:11 - [TEST_STEP][PASSED] - click(findTestObject("Page_HomePage/Site/Add Site/a_NEXT_1")): Object: 'Object Repository/Page_HomePage/Site/Add Site/a_NEXT_1' is clicked on

2019-04-04 13:55:12 - [MESSAGE][PASSED] - Object: 'Object Repository/Page_HomePage/Site/Add Site/a_NEXT_1' is clicked on

2019-04-04 13:55:12 - [TEST_STEP][PASSED] - click(findTestObject("Page_HomePage/Site/Add Site/a_Next (1)")): Object: 'Object Repository/Page_HomePage/Site/Add Site/a_Next (1)' is clicked on

2019-04-04 13:55:12 - [MESSAGE][PASSED] - Object: 'Object Repository/Page_HomePage/Site/Add Site/a_Next (1)' is clicked on

2019-04-04 13:55:12 - [TEST_STEP][PASSED] - click(findTestObject("Page_HomePage/Site/Add Site/a_Copy to all")): Object: 'Object Repository/Page_HomePage/Site/Add Site/a_Copy to all' is clicked on

2019-04-04 13:55:12 - [MESSAGE][PASSED] - Object: 'Object Repository/Page_HomePage/Site/Add Site/a_Copy to all' is clicked on

2019-04-04 13:55:12 - [TEST_STEP][PASSED] - verifyElementPresent(findTestObject("Page_HomePage/Site/Add Site/div_Success"), 20): Object 'Object Repository/Page_HomePage/Site/Add Site/div_Success' is present

2019-04-04 13:55:12 - [MESSAGE][PASSED] - Object 'Object Repository/Page_HomePage/Site/Add Site/div_Success' is present

2019-04-04 13:55:12 - [TEST_STEP][PASSED] - click(findTestObject("Page_HomePage/Site/Add Site/a_Next_1 (1)")): Object: 'Object Repository/Page_HomePage/Site/Add Site/a_Next_1 (1)' is clicked on

2019-04-04 13:55:12 - [MESSAGE][PASSED] - Object: 'Object Repository/Page_HomePage/Site/Add Site/a_Next_1 (1)' is clicked on

2019-04-04 13:55:12 - [TEST_STEP][PASSED] - click(findTestObject("Page_HomePage/Site/Add Site/a_Finish")): Object: 'Object Repository/Page_HomePage/Site/Add Site/a_Finish' is clicked on

2019-04-04 13:55:12 - [MESSAGE][PASSED] - Object: 'Object Repository/Page_HomePage/Site/Add Site/a_Finish' is clicked on

2019-04-04 13:55:12 - [TEST_STEP][PASSED] - verifyElementPresent(findTestObject("Page_HomePage/Site/Add Site/div_Success"), 20): Object 'Object Repository/Page_HomePage/Site/Add Site/div_Success' is present

2019-04-04 13:55:12 - [MESSAGE][PASSED] - Object 'Object Repository/Page_HomePage/Site/Add Site/div_Success' is present

2019-04-04 13:55:12 - [TEST_STEP][PASSED] - delay(2): Delayed 2 second(s)

2019-04-04 13:55:14 - [MESSAGE][PASSED] - Delayed 2 second(s)

2019-04-04 13:55:14 - [TEST_STEP][PASSED] - click(findTestObject("Page_HomePage/Site/Add Site/a_Add Site")): Object: 'Object Repository/Page_HomePage/Site/Add Site/a_Add Site' is clicked on

2019-04-04 13:55:15 - [MESSAGE][PASSED] - Object: 'Object Repository/Page_HomePage/Site/Add Site/a_Add Site' is clicked on

2019-04-04 13:55:15 - [TEST_STEP][PASSED] - click(findTestObject("Page_HomePage/Site/Add Site/label_Enter Site Name")): Object: 'Object Repository/Page_HomePage/Site/Add Site/label_Enter Site Name' is clicked on

2019-04-04 13:55:15 - [MESSAGE][PASSED] - Object: 'Object Repository/Page_HomePage/Site/Add Site/label_Enter Site Name' is clicked on

2019-04-04 13:55:15 - [TEST_STEP][PASSED] - setText(findTestObject("Page_HomePage/Site/Add Site/input__siteName"), findTestData("Sites/TD_Sites").getValue(1, row)): Text 'McDonald's 42' is set on object 'Object Repository/Page_HomePage/Site/Add Site/input__siteName'

2019-04-04 13:55:15 - [MESSAGE][PASSED] - Text 'McDonald's 42' is set on object 'Object Repository/Page_HomePage/Site/Add Site/input__siteName'

2019-04-04 13:55:15 - [TEST_STEP][PASSED] - click(findTestObject("Page_HomePage/Site/Add Site/label_Enter Address")): Object: 'Object Repository/Page_HomePage/Site/Add Site/label_Enter Address' is clicked on

2019-04-04 13:55:15 - [MESSAGE][PASSED] - Object: 'Object Repository/Page_HomePage/Site/Add Site/label_Enter Address' is clicked on

2019-04-04 13:55:15 - [TEST_STEP][PASSED] - setText(findTestObject("Page_HomePage/Site/Add Site/input_Enter Site Name_address"), findTestData("Sites/TD_Sites").getValue(2, row)): Text '2701 W MacArthur Blvd' is set on object 'Object Repository/Page_HomePage/Site/Add Site/input_Enter Site Name_address'

2019-04-04 13:55:16 - [MESSAGE][PASSED] - Text '2701 W MacArthur Blvd' is set on object 'Object Repository/Page_HomePage/Site/Add Site/input_Enter Site Name_address'

2019-04-04 13:55:16 - [TEST_STEP][PASSED] - click(findTestObject("Page_HomePage/Site/Add Site/label_Enter City")): Object: 'Object Repository/Page_HomePage/Site/Add Site/label_Enter City' is clicked on

2019-04-04 13:55:16 - [MESSAGE][PASSED] - Object: 'Object Repository/Page_HomePage/Site/Add Site/label_Enter City' is clicked on

2019-04-04 13:55:16 - [TEST_STEP][PASSED] - setText(findTestObject("Page_HomePage/Site/Add Site/input_Enter Address_city"), findTestData("Sites/TD_Sites").getValue(3, row)): Text 'Santa Ana' is set on object 'Object Repository/Page_HomePage/Site/Add Site/input_Enter Address_city'

2019-04-04 13:55:16 - [MESSAGE][PASSED] - Text 'Santa Ana' is set on object 'Object Repository/Page_HomePage/Site/Add Site/input_Enter Address_city'

2019-04-04 13:55:16 - [TEST_STEP][PASSED] - click(findTestObject("Page_HomePage/Site/Add Site/label_Enter State")): Object: 'Object Repository/Page_HomePage/Site/Add Site/label_Enter State' is clicked on

2019-04-04 13:55:16 - [MESSAGE][PASSED] - Object: 'Object Repository/Page_HomePage/Site/Add Site/label_Enter State' is clicked on

2019-04-04 13:55:16 - [TEST_STEP][PASSED] - setText(findTestObject("Page_HomePage/Site/Add Site/input_Enter City_state"), findTestData("Sites/TD_Sites").getValue(4, row)): Text 'California' is set on object 'Object Repository/Page_HomePage/Site/Add Site/input_Enter City_state'

2019-04-04 13:55:17 - [MESSAGE][PASSED] - Text 'California' is set on object 'Object Repository/Page_HomePage/Site/Add Site/input_Enter City_state'

2019-04-04 13:55:17 - [TEST_STEP][PASSED] - click(findTestObject("Page_HomePage/Site/Add Site/a_NEXT")): Object: 'Object Repository/Page_HomePage/Site/Add Site/a_NEXT' is clicked on

2019-04-04 13:55:17 - [MESSAGE][PASSED] - Object: 'Object Repository/Page_HomePage/Site/Add Site/a_NEXT' is clicked on

2019-04-04 13:55:17 - [TEST_STEP][PASSED] - setText(findTestObject("Page_HomePage/Site/Add Site/input_NEXT_country"), findTestData("Sites/TD_Sites").getValue(5, row)): Text 'United States ' is set on object 'Object Repository/Page_HomePage/Site/Add Site/input_NEXT_country'

2019-04-04 13:55:17 - [MESSAGE][PASSED] - Text 'United States ' is set on object 'Object Repository/Page_HomePage/Site/Add Site/input_NEXT_country'

2019-04-04 13:55:17 - [TEST_STEP][PASSED] - click(findTestObject("Page_HomePage/Site/Add Site/label_Enter ZIP Code")): Object: 'Object Repository/Page_HomePage/Site/Add Site/label_Enter ZIP Code' is clicked on

2019-04-04 13:55:18 - [MESSAGE][PASSED] - Object: 'Object Repository/Page_HomePage/Site/Add Site/label_Enter ZIP Code' is clicked on

2019-04-04 13:55:18 - [TEST_STEP][PASSED] - setText(findTestObject("Page_HomePage/Site/Add Site/input_Enter Country_ZIP"), findTestData("Sites/TD_Sites").getValue(6, row)): Text '92704' is set on object 'Object Repository/Page_HomePage/Site/Add Site/input_Enter Country_ZIP'

2019-04-04 13:55:18 - [MESSAGE][PASSED] - Text '92704' is set on object 'Object Repository/Page_HomePage/Site/Add Site/input_Enter Country_ZIP'

2019-04-04 13:55:18 - [TEST_STEP][PASSED] - click(findTestObject("Page_HomePage/Site/Add Site/label_Enter Contact Name")): Object: 'Object Repository/Page_HomePage/Site/Add Site/label_Enter Contact Name' is clicked on

2019-04-04 13:55:18 - [MESSAGE][PASSED] - Object: 'Object Repository/Page_HomePage/Site/Add Site/label_Enter Contact Name' is clicked on

2019-04-04 13:55:18 - [TEST_STEP][PASSED] - setText(findTestObject("Page_HomePage/Site/Add Site/input_Enter ZIP Code_cName"), findTestData("Sites/TD_Sites").getValue(7, row)): Text 'Ronaldo' is set on object 'Object Repository/Page_HomePage/Site/Add Site/input_Enter ZIP Code_cName'

2019-04-04 13:55:18 - [MESSAGE][PASSED] - Text 'Ronaldo' is set on object 'Object Repository/Page_HomePage/Site/Add Site/input_Enter ZIP Code_cName'

2019-04-04 13:55:18 - [TEST_STEP][PASSED] - click(findTestObject("Page_HomePage/Site/Add Site/label_Enter Location Phone Number")): Object: 'Object Repository/Page_HomePage/Site/Add Site/label_Enter Location Phone Number' is clicked on

2019-04-04 13:55:19 - [MESSAGE][PASSED] - Object: 'Object Repository/Page_HomePage/Site/Add Site/label_Enter Location Phone Number' is clicked on

2019-04-04 13:55:19 - [TEST_STEP][PASSED] - setText(findTestObject("Page_HomePage/Site/Add Site/input_Enter Contact Name_locationPhone"), findTestData("Sites/TD_Sites").getValue(8, row)): Text '1234567899' is set on object 'Object Repository/Page_HomePage/Site/Add Site/input_Enter Contact Name_locationPhone'

2019-04-04 13:55:19 - [MESSAGE][PASSED] - Text '1234567899' is set on object 'Object Repository/Page_HomePage/Site/Add Site/input_Enter Contact Name_locationPhone'

2019-04-04 13:55:19 - [TEST_STEP][PASSED] - click(findTestObject("Page_HomePage/Site/Add Site/a_NEXT_1")): Object: 'Object Repository/Page_HomePage/Site/Add Site/a_NEXT_1' is clicked on

2019-04-04 13:55:19 - [MESSAGE][PASSED] - Object: 'Object Repository/Page_HomePage/Site/Add Site/a_NEXT_1' is clicked on

2019-04-04 13:55:19 - [TEST_STEP][PASSED] - click(findTestObject("Page_HomePage/Site/Add Site/a_Next (1)")): Object: 'Object Repository/Page_HomePage/Site/Add Site/a_Next (1)' is clicked on

2019-04-04 13:55:19 - [MESSAGE][PASSED] - Object: 'Object Repository/Page_HomePage/Site/Add Site/a_Next (1)' is clicked on

2019-04-04 13:55:19 - [TEST_STEP][PASSED] - click(findTestObject("Page_HomePage/Site/Add Site/a_Copy to all")): Object: 'Object Repository/Page_HomePage/Site/Add Site/a_Copy to all' is clicked on

2019-04-04 13:55:19 - [MESSAGE][PASSED] - Object: 'Object Repository/Page_HomePage/Site/Add Site/a_Copy to all' is clicked on

2019-04-04 13:55:19 - [TEST_STEP][PASSED] - verifyElementPresent(findTestObject("Page_HomePage/Site/Add Site/div_Success"), 20): Object 'Object Repository/Page_HomePage/Site/Add Site/div_Success' is present

2019-04-04 13:55:19 - [MESSAGE][PASSED] - Object 'Object Repository/Page_HomePage/Site/Add Site/div_Success' is present

2019-04-04 13:55:19 - [TEST_STEP][PASSED] - click(findTestObject("Page_HomePage/Site/Add Site/a_Next_1 (1)")): Object: 'Object Repository/Page_HomePage/Site/Add Site/a_Next_1 (1)' is clicked on

2019-04-04 13:55:20 - [MESSAGE][PASSED] - Object: 'Object Repository/Page_HomePage/Site/Add Site/a_Next_1 (1)' is clicked on

2019-04-04 13:55:20 - [TEST_STEP][PASSED] - click(findTestObject("Page_HomePage/Site/Add Site/a_Finish")): Object: 'Object Repository/Page_HomePage/Site/Add Site/a_Finish' is clicked on

2019-04-04 13:55:20 - [MESSAGE][PASSED] - Object: 'Object Repository/Page_HomePage/Site/Add Site/a_Finish' is clicked on

2019-04-04 13:55:20 - [TEST_STEP][PASSED] - verifyElementPresent(findTestObject("Page_HomePage/Site/Add Site/div_Success"), 20): Object 'Object Repository/Page_HomePage/Site/Add Site/div_Success' is present

2019-04-04 13:55:20 - [MESSAGE][PASSED] - Object 'Object Repository/Page_HomePage/Site/Add Site/div_Success' is present

2019-04-04 13:55:20 - [TEST_STEP][PASSED] - delay(2): Delayed 2 second(s)

2019-04-04 13:55:22 - [MESSAGE][PASSED] - Delayed 2 second(s)]]></system-out>
         <system-err><![CDATA[]]></system-err>
      </testcase>
      <testcase name="Test Cases/Sites/Add Site/TC6_Add_Duplicate_Site" classname="Test Cases/Sites/Add Site/TC6_Add_Duplicate_Site" status="FAILED">
         <failure type="FAILED" message="Test Cases/Sites/Add Site/TC6_Add_Duplicate_Site FAILED.
Reason:
com.kms.katalon.core.exception.StepFailedException: Unable to click on object 'Object Repository/Page_HomePage/Site/Add Site/label_Enter Site Name'
	at com.kms.katalon.core.keyword.internal.KeywordMain.stepFailed(KeywordMain.groovy:48)
	at com.kms.katalon.core.webui.keyword.internal.WebUIKeywordMain.stepFailed(WebUIKeywordMain.groovy:65)
	at com.kms.katalon.core.webui.keyword.internal.WebUIKeywordMain.runKeyword(WebUIKeywordMain.groovy:27)
	at com.kms.katalon.core.webui.keyword.builtin.ClickKeyword.click(ClickKeyword.groovy:86)
	at com.kms.katalon.core.webui.keyword.builtin.ClickKeyword.execute(ClickKeyword.groovy:67)
	at com.kms.katalon.core.keyword.internal.KeywordExecutor.executeKeywordForPlatform(KeywordExecutor.groovy:56)
	at com.kms.katalon.core.webui.keyword.WebUiBuiltInKeywords.click(WebUiBuiltInKeywords.groovy:616)
	at com.kms.katalon.core.webui.keyword.WebUiBuiltInKeywords$click$2.call(Unknown Source)
	at TC6_Add_Duplicate_Site.run(TC6_Add_Duplicate_Site:18)
	at com.kms.katalon.core.main.ScriptEngine.run(ScriptEngine.java:194)
	at com.kms.katalon.core.main.ScriptEngine.runScriptAsRawText(ScriptEngine.java:119)
	at com.kms.katalon.core.main.TestCaseExecutor.runScript(TestCaseExecutor.java:331)
	at com.kms.katalon.core.main.TestCaseExecutor.doExecute(TestCaseExecutor.java:322)
	at com.kms.katalon.core.main.TestCaseExecutor.processExecutionPhase(TestCaseExecutor.java:301)
	at com.kms.katalon.core.main.TestCaseExecutor.accessMainPhase(TestCaseExecutor.java:293)
	at com.kms.katalon.core.main.TestCaseExecutor.execute(TestCaseExecutor.java:227)
	at com.kms.katalon.core.main.TestSuiteExecutor.accessTestCaseMainPhase(TestSuiteExecutor.java:129)
	at com.kms.katalon.core.main.TestSuiteExecutor.accessTestSuiteMainPhase(TestSuiteExecutor.java:112)
	at com.kms.katalon.core.main.TestSuiteExecutor.execute(TestSuiteExecutor.java:81)
	at com.kms.katalon.core.main.TestCaseMain.startTestSuite(TestCaseMain.java:157)
	at com.kms.katalon.core.main.TestCaseMain$startTestSuite$0.call(Unknown Source)
	at TempTestSuite1554411268866.run(TempTestSuite1554411268866.groovy:35)
"/>
         <system-out><![CDATA[2019-04-04 13:55:22 - [TEST_CASE][FAILED] - Test Cases/Sites/Add Site/TC6_Add_Duplicate_Site: Test Cases/Sites/Add Site/TC6_Add_Duplicate_Site FAILED.
Reason:
com.kms.katalon.core.exception.StepFailedException: Unable to click on object 'Object Repository/Page_HomePage/Site/Add Site/label_Enter Site Name'
	at com.kms.katalon.core.keyword.internal.KeywordMain.stepFailed(KeywordMain.groovy:48)
	at com.kms.katalon.core.webui.keyword.internal.WebUIKeywordMain.stepFailed(WebUIKeywordMain.groovy:65)
	at com.kms.katalon.core.webui.keyword.internal.WebUIKeywordMain.runKeyword(WebUIKeywordMain.groovy:27)
	at com.kms.katalon.core.webui.keyword.builtin.ClickKeyword.click(ClickKeyword.groovy:86)
	at com.kms.katalon.core.webui.keyword.builtin.ClickKeyword.execute(ClickKeyword.groovy:67)
	at com.kms.katalon.core.keyword.internal.KeywordExecutor.executeKeywordForPlatform(KeywordExecutor.groovy:56)
	at com.kms.katalon.core.webui.keyword.WebUiBuiltInKeywords.click(WebUiBuiltInKeywords.groovy:616)
	at com.kms.katalon.core.webui.keyword.WebUiBuiltInKeywords$click$2.call(Unknown Source)
	at TC6_Add_Duplicate_Site.run(TC6_Add_Duplicate_Site:18)
	at com.kms.katalon.core.main.ScriptEngine.run(ScriptEngine.java:194)
	at com.kms.katalon.core.main.ScriptEngine.runScriptAsRawText(ScriptEngine.java:119)
	at com.kms.katalon.core.main.TestCaseExecutor.runScript(TestCaseExecutor.java:331)
	at com.kms.katalon.core.main.TestCaseExecutor.doExecute(TestCaseExecutor.java:322)
	at com.kms.katalon.core.main.TestCaseExecutor.processExecutionPhase(TestCaseExecutor.java:301)
	at com.kms.katalon.core.main.TestCaseExecutor.accessMainPhase(TestCaseExecutor.java:293)
	at com.kms.katalon.core.main.TestCaseExecutor.execute(TestCaseExecutor.java:227)
	at com.kms.katalon.core.main.TestSuiteExecutor.accessTestCaseMainPhase(TestSuiteExecutor.java:129)
	at com.kms.katalon.core.main.TestSuiteExecutor.accessTestSuiteMainPhase(TestSuiteExecutor.java:112)
	at com.kms.katalon.core.main.TestSuiteExecutor.execute(TestSuiteExecutor.java:81)
	at com.kms.katalon.core.main.TestCaseMain.startTestSuite(TestCaseMain.java:157)
	at com.kms.katalon.core.main.TestCaseMain$startTestSuite$0.call(Unknown Source)
	at TempTestSuite1554411268866.run(TempTestSuite1554411268866.groovy:35)


2019-04-04 13:55:22 - [TEST_STEP][PASSED] - click(findTestObject("Page_HomePage/Site/Add Site/a_Add Site")): Object: 'Object Repository/Page_HomePage/Site/Add Site/a_Add Site' is clicked on

2019-04-04 13:55:23 - [MESSAGE][PASSED] - Object: 'Object Repository/Page_HomePage/Site/Add Site/a_Add Site' is clicked on

2019-04-04 13:55:23 - [TEST_STEP][FAILED] - click(findTestObject("Page_HomePage/Site/Add Site/label_Enter Site Name")): click(findTestObject("Page_HomePage/Site/Add Site/label_Enter Site Name")) FAILED.
Reason:
com.kms.katalon.core.exception.StepFailedException: Unable to click on object 'Object Repository/Page_HomePage/Site/Add Site/label_Enter Site Name'
	at com.kms.katalon.core.keyword.internal.KeywordMain.stepFailed(KeywordMain.groovy:48)
	at com.kms.katalon.core.webui.keyword.internal.WebUIKeywordMain.stepFailed(WebUIKeywordMain.groovy:65)
	at com.kms.katalon.core.webui.keyword.internal.WebUIKeywordMain.runKeyword(WebUIKeywordMain.groovy:27)
	at com.kms.katalon.core.webui.keyword.builtin.ClickKeyword.click(ClickKeyword.groovy:86)
	at com.kms.katalon.core.webui.keyword.builtin.ClickKeyword.execute(ClickKeyword.groovy:67)
	at com.kms.katalon.core.keyword.internal.KeywordExecutor.executeKeywordForPlatform(KeywordExecutor.groovy:56)
	at com.kms.katalon.core.webui.keyword.WebUiBuiltInKeywords.click(WebUiBuiltInKeywords.groovy:616)
	at com.kms.katalon.core.webui.keyword.WebUiBuiltInKeywords$click$2.call(Unknown Source)
	at TC6_Add_Duplicate_Site.run(TC6_Add_Duplicate_Site:18)
	at com.kms.katalon.core.main.ScriptEngine.run(ScriptEngine.java:194)
	at com.kms.katalon.core.main.ScriptEngine.runScriptAsRawText(ScriptEngine.java:119)
	at com.kms.katalon.core.main.TestCaseExecutor.runScript(TestCaseExecutor.java:331)
	at com.kms.katalon.core.main.TestCaseExecutor.doExecute(TestCaseExecutor.java:322)
	at com.kms.katalon.core.main.TestCaseExecutor.processExecutionPhase(TestCaseExecutor.java:301)
	at com.kms.katalon.core.main.TestCaseExecutor.accessMainPhase(TestCaseExecutor.java:293)
	at com.kms.katalon.core.main.TestCaseExecutor.execute(TestCaseExecutor.java:227)
	at com.kms.katalon.core.main.TestSuiteExecutor.accessTestCaseMainPhase(TestSuiteExecutor.java:129)
	at com.kms.katalon.core.main.TestSuiteExecutor.accessTestSuiteMainPhase(TestSuiteExecutor.java:112)
	at com.kms.katalon.core.main.TestSuiteExecutor.execute(TestSuiteExecutor.java:81)
	at com.kms.katalon.core.main.TestCaseMain.startTestSuite(TestCaseMain.java:157)
	at com.kms.katalon.core.main.TestCaseMain$startTestSuite$0.call(Unknown Source)
	at TempTestSuite1554411268866.run(TempTestSuite1554411268866.groovy:35)


2019-04-04 13:55:23 - [MESSAGE][FAILED] - Unable to click on object 'Object Repository/Page_HomePage/Site/Add Site/label_Enter Site Name'
[[ATTACHMENT|C:\\Users\\ktran\\Katalon Studio\\cloud_test2\\Reports\\TS_Regression_Test\\20190404_135428\\1554411323250.png]]

2019-04-04 13:55:23 - [MESSAGE][FAILED] - click(findTestObject("Page_HomePage/Site/Add Site/label_Enter Site Name")) FAILED.
Reason:
com.kms.katalon.core.exception.StepFailedException: Unable to click on object 'Object Repository/Page_HomePage/Site/Add Site/label_Enter Site Name'
	at com.kms.katalon.core.keyword.internal.KeywordMain.stepFailed(KeywordMain.groovy:48)
	at com.kms.katalon.core.webui.keyword.internal.WebUIKeywordMain.stepFailed(WebUIKeywordMain.groovy:65)
	at com.kms.katalon.core.webui.keyword.internal.WebUIKeywordMain.runKeyword(WebUIKeywordMain.groovy:27)
	at com.kms.katalon.core.webui.keyword.builtin.ClickKeyword.click(ClickKeyword.groovy:86)
	at com.kms.katalon.core.webui.keyword.builtin.ClickKeyword.execute(ClickKeyword.groovy:67)
	at com.kms.katalon.core.keyword.internal.KeywordExecutor.executeKeywordForPlatform(KeywordExecutor.groovy:56)
	at com.kms.katalon.core.webui.keyword.WebUiBuiltInKeywords.click(WebUiBuiltInKeywords.groovy:616)
	at com.kms.katalon.core.webui.keyword.WebUiBuiltInKeywords$click$2.call(Unknown Source)
	at TC6_Add_Duplicate_Site.run(TC6_Add_Duplicate_Site:18)
	at com.kms.katalon.core.main.ScriptEngine.run(ScriptEngine.java:194)
	at com.kms.katalon.core.main.ScriptEngine.runScriptAsRawText(ScriptEngine.java:119)
	at com.kms.katalon.core.main.TestCaseExecutor.runScript(TestCaseExecutor.java:331)
	at com.kms.katalon.core.main.TestCaseExecutor.doExecute(TestCaseExecutor.java:322)
	at com.kms.katalon.core.main.TestCaseExecutor.processExecutionPhase(TestCaseExecutor.java:301)
	at com.kms.katalon.core.main.TestCaseExecutor.accessMainPhase(TestCaseExecutor.java:293)
	at com.kms.katalon.core.main.TestCaseExecutor.execute(TestCaseExecutor.java:227)
	at com.kms.katalon.core.main.TestSuiteExecutor.accessTestCaseMainPhase(TestSuiteExecutor.java:129)
	at com.kms.katalon.core.main.TestSuiteExecutor.accessTestSuiteMainPhase(TestSuiteExecutor.java:112)
	at com.kms.katalon.core.main.TestSuiteExecutor.execute(TestSuiteExecutor.java:81)
	at com.kms.katalon.core.main.TestCaseMain.startTestSuite(TestCaseMain.java:157)
	at com.kms.katalon.core.main.TestCaseMain$startTestSuite$0.call(Unknown Source)
	at TempTestSuite1554411268866.run(TempTestSuite1554411268866.groovy:35)]]></system-out>
         <system-err><![CDATA[2019-04-04 13:55:22 - [TEST_CASE][FAILED] - Test Cases/Sites/Add Site/TC6_Add_Duplicate_Site: Test Cases/Sites/Add Site/TC6_Add_Duplicate_Site FAILED.
Reason:
com.kms.katalon.core.exception.StepFailedException: Unable to click on object 'Object Repository/Page_HomePage/Site/Add Site/label_Enter Site Name'
	at com.kms.katalon.core.keyword.internal.KeywordMain.stepFailed(KeywordMain.groovy:48)
	at com.kms.katalon.core.webui.keyword.internal.WebUIKeywordMain.stepFailed(WebUIKeywordMain.groovy:65)
	at com.kms.katalon.core.webui.keyword.internal.WebUIKeywordMain.runKeyword(WebUIKeywordMain.groovy:27)
	at com.kms.katalon.core.webui.keyword.builtin.ClickKeyword.click(ClickKeyword.groovy:86)
	at com.kms.katalon.core.webui.keyword.builtin.ClickKeyword.execute(ClickKeyword.groovy:67)
	at com.kms.katalon.core.keyword.internal.KeywordExecutor.executeKeywordForPlatform(KeywordExecutor.groovy:56)
	at com.kms.katalon.core.webui.keyword.WebUiBuiltInKeywords.click(WebUiBuiltInKeywords.groovy:616)
	at com.kms.katalon.core.webui.keyword.WebUiBuiltInKeywords$click$2.call(Unknown Source)
	at TC6_Add_Duplicate_Site.run(TC6_Add_Duplicate_Site:18)
	at com.kms.katalon.core.main.ScriptEngine.run(ScriptEngine.java:194)
	at com.kms.katalon.core.main.ScriptEngine.runScriptAsRawText(ScriptEngine.java:119)
	at com.kms.katalon.core.main.TestCaseExecutor.runScript(TestCaseExecutor.java:331)
	at com.kms.katalon.core.main.TestCaseExecutor.doExecute(TestCaseExecutor.java:322)
	at com.kms.katalon.core.main.TestCaseExecutor.processExecutionPhase(TestCaseExecutor.java:301)
	at com.kms.katalon.core.main.TestCaseExecutor.accessMainPhase(TestCaseExecutor.java:293)
	at com.kms.katalon.core.main.TestCaseExecutor.execute(TestCaseExecutor.java:227)
	at com.kms.katalon.core.main.TestSuiteExecutor.accessTestCaseMainPhase(TestSuiteExecutor.java:129)
	at com.kms.katalon.core.main.TestSuiteExecutor.accessTestSuiteMainPhase(TestSuiteExecutor.java:112)
	at com.kms.katalon.core.main.TestSuiteExecutor.execute(TestSuiteExecutor.java:81)
	at com.kms.katalon.core.main.TestCaseMain.startTestSuite(TestCaseMain.java:157)
	at com.kms.katalon.core.main.TestCaseMain$startTestSuite$0.call(Unknown Source)
	at TempTestSuite1554411268866.run(TempTestSuite1554411268866.groovy:35)]]></system-err>
      </testcase>
      <testcase name="Test Cases/Sites/Delete Site/TC8_Delete_Multiple_Sites" classname="Test Cases/Sites/Delete Site/TC8_Delete_Multiple_Sites" status="FAILED">
         <failure type="FAILED" message="Test Cases/Sites/Delete Site/TC8_Delete_Multiple_Sites FAILED.
Reason:
com.kms.katalon.core.exception.StepFailedException: Unable to click on object 'Object Repository/Page_HomePage/Site/Delete Site/delete_button'
	at com.kms.katalon.core.keyword.internal.KeywordMain.stepFailed(KeywordMain.groovy:48)
	at com.kms.katalon.core.webui.keyword.internal.WebUIKeywordMain.stepFailed(WebUIKeywordMain.groovy:65)
	at com.kms.katalon.core.webui.keyword.internal.WebUIKeywordMain.runKeyword(WebUIKeywordMain.groovy:27)
	at com.kms.katalon.core.webui.keyword.builtin.ClickKeyword.click(ClickKeyword.groovy:86)
	at com.kms.katalon.core.webui.keyword.builtin.ClickKeyword.execute(ClickKeyword.groovy:67)
	at com.kms.katalon.core.keyword.internal.KeywordExecutor.executeKeywordForPlatform(KeywordExecutor.groovy:56)
	at com.kms.katalon.core.webui.keyword.WebUiBuiltInKeywords.click(WebUiBuiltInKeywords.groovy:616)
	at com.kms.katalon.core.webui.keyword.WebUiBuiltInKeywords$click$2.call(Unknown Source)
	at TC8_Delete_Multiple_Sites.run(TC8_Delete_Multiple_Sites:19)
	at com.kms.katalon.core.main.ScriptEngine.run(ScriptEngine.java:194)
	at com.kms.katalon.core.main.ScriptEngine.runScriptAsRawText(ScriptEngine.java:119)
	at com.kms.katalon.core.main.TestCaseExecutor.runScript(TestCaseExecutor.java:331)
	at com.kms.katalon.core.main.TestCaseExecutor.doExecute(TestCaseExecutor.java:322)
	at com.kms.katalon.core.main.TestCaseExecutor.processExecutionPhase(TestCaseExecutor.java:301)
	at com.kms.katalon.core.main.TestCaseExecutor.accessMainPhase(TestCaseExecutor.java:293)
	at com.kms.katalon.core.main.TestCaseExecutor.execute(TestCaseExecutor.java:227)
	at com.kms.katalon.core.main.TestSuiteExecutor.accessTestCaseMainPhase(TestSuiteExecutor.java:129)
	at com.kms.katalon.core.main.TestSuiteExecutor.accessTestSuiteMainPhase(TestSuiteExecutor.java:112)
	at com.kms.katalon.core.main.TestSuiteExecutor.execute(TestSuiteExecutor.java:81)
	at com.kms.katalon.core.main.TestCaseMain.startTestSuite(TestCaseMain.java:157)
	at com.kms.katalon.core.main.TestCaseMain$startTestSuite$0.call(Unknown Source)
	at TempTestSuite1554411268866.run(TempTestSuite1554411268866.groovy:35)
"/>
         <system-out><![CDATA[2019-04-04 13:55:23 - [TEST_CASE][FAILED] - Test Cases/Sites/Delete Site/TC8_Delete_Multiple_Sites: Test Cases/Sites/Delete Site/TC8_Delete_Multiple_Sites FAILED.
Reason:
com.kms.katalon.core.exception.StepFailedException: Unable to click on object 'Object Repository/Page_HomePage/Site/Delete Site/delete_button'
	at com.kms.katalon.core.keyword.internal.KeywordMain.stepFailed(KeywordMain.groovy:48)
	at com.kms.katalon.core.webui.keyword.internal.WebUIKeywordMain.stepFailed(WebUIKeywordMain.groovy:65)
	at com.kms.katalon.core.webui.keyword.internal.WebUIKeywordMain.runKeyword(WebUIKeywordMain.groovy:27)
	at com.kms.katalon.core.webui.keyword.builtin.ClickKeyword.click(ClickKeyword.groovy:86)
	at com.kms.katalon.core.webui.keyword.builtin.ClickKeyword.execute(ClickKeyword.groovy:67)
	at com.kms.katalon.core.keyword.internal.KeywordExecutor.executeKeywordForPlatform(KeywordExecutor.groovy:56)
	at com.kms.katalon.core.webui.keyword.WebUiBuiltInKeywords.click(WebUiBuiltInKeywords.groovy:616)
	at com.kms.katalon.core.webui.keyword.WebUiBuiltInKeywords$click$2.call(Unknown Source)
	at TC8_Delete_Multiple_Sites.run(TC8_Delete_Multiple_Sites:19)
	at com.kms.katalon.core.main.ScriptEngine.run(ScriptEngine.java:194)
	at com.kms.katalon.core.main.ScriptEngine.runScriptAsRawText(ScriptEngine.java:119)
	at com.kms.katalon.core.main.TestCaseExecutor.runScript(TestCaseExecutor.java:331)
	at com.kms.katalon.core.main.TestCaseExecutor.doExecute(TestCaseExecutor.java:322)
	at com.kms.katalon.core.main.TestCaseExecutor.processExecutionPhase(TestCaseExecutor.java:301)
	at com.kms.katalon.core.main.TestCaseExecutor.accessMainPhase(TestCaseExecutor.java:293)
	at com.kms.katalon.core.main.TestCaseExecutor.execute(TestCaseExecutor.java:227)
	at com.kms.katalon.core.main.TestSuiteExecutor.accessTestCaseMainPhase(TestSuiteExecutor.java:129)
	at com.kms.katalon.core.main.TestSuiteExecutor.accessTestSuiteMainPhase(TestSuiteExecutor.java:112)
	at com.kms.katalon.core.main.TestSuiteExecutor.execute(TestSuiteExecutor.java:81)
	at com.kms.katalon.core.main.TestCaseMain.startTestSuite(TestCaseMain.java:157)
	at com.kms.katalon.core.main.TestCaseMain$startTestSuite$0.call(Unknown Source)
	at TempTestSuite1554411268866.run(TempTestSuite1554411268866.groovy:35)


2019-04-04 13:55:24 - [TEST_STEP][FAILED] - for ([row = 1, row <= findTestData("Sites/TD_Sites").getRowNumbers(), (row++)]): for ([row = 1, row <= findTestData("Sites/TD_Sites").getRowNumbers(), (row++)]) FAILED.
Reason:
com.kms.katalon.core.exception.StepFailedException: Unable to click on object 'Object Repository/Page_HomePage/Site/Delete Site/delete_button'
	at com.kms.katalon.core.keyword.internal.KeywordMain.stepFailed(KeywordMain.groovy:48)
	at com.kms.katalon.core.webui.keyword.internal.WebUIKeywordMain.stepFailed(WebUIKeywordMain.groovy:65)
	at com.kms.katalon.core.webui.keyword.internal.WebUIKeywordMain.runKeyword(WebUIKeywordMain.groovy:27)
	at com.kms.katalon.core.webui.keyword.builtin.ClickKeyword.click(ClickKeyword.groovy:86)
	at com.kms.katalon.core.webui.keyword.builtin.ClickKeyword.execute(ClickKeyword.groovy:67)
	at com.kms.katalon.core.keyword.internal.KeywordExecutor.executeKeywordForPlatform(KeywordExecutor.groovy:56)
	at com.kms.katalon.core.webui.keyword.WebUiBuiltInKeywords.click(WebUiBuiltInKeywords.groovy:616)
	at com.kms.katalon.core.webui.keyword.WebUiBuiltInKeywords$click$2.call(Unknown Source)
	at TC8_Delete_Multiple_Sites.run(TC8_Delete_Multiple_Sites:19)
	at com.kms.katalon.core.main.ScriptEngine.run(ScriptEngine.java:194)
	at com.kms.katalon.core.main.ScriptEngine.runScriptAsRawText(ScriptEngine.java:119)
	at com.kms.katalon.core.main.TestCaseExecutor.runScript(TestCaseExecutor.java:331)
	at com.kms.katalon.core.main.TestCaseExecutor.doExecute(TestCaseExecutor.java:322)
	at com.kms.katalon.core.main.TestCaseExecutor.processExecutionPhase(TestCaseExecutor.java:301)
	at com.kms.katalon.core.main.TestCaseExecutor.accessMainPhase(TestCaseExecutor.java:293)
	at com.kms.katalon.core.main.TestCaseExecutor.execute(TestCaseExecutor.java:227)
	at com.kms.katalon.core.main.TestSuiteExecutor.accessTestCaseMainPhase(TestSuiteExecutor.java:129)
	at com.kms.katalon.core.main.TestSuiteExecutor.accessTestSuiteMainPhase(TestSuiteExecutor.java:112)
	at com.kms.katalon.core.main.TestSuiteExecutor.execute(TestSuiteExecutor.java:81)
	at com.kms.katalon.core.main.TestCaseMain.startTestSuite(TestCaseMain.java:157)
	at com.kms.katalon.core.main.TestCaseMain$startTestSuite$0.call(Unknown Source)
	at TempTestSuite1554411268866.run(TempTestSuite1554411268866.groovy:35)


2019-04-04 13:55:24 - [TEST_STEP][PASSED] - comment("hi"): hi

2019-04-04 13:55:24 - [MESSAGE][INFO] - hi

2019-04-04 13:55:24 - [TEST_STEP][FAILED] - click(findTestObject("Page_HomePage/Site/Delete Site/delete_button")): for ([row = 1, row <= findTestData("Sites/TD_Sites").getRowNumbers(), (row++)]) FAILED.
Reason:
com.kms.katalon.core.exception.StepFailedException: Unable to click on object 'Object Repository/Page_HomePage/Site/Delete Site/delete_button'
	at com.kms.katalon.core.keyword.internal.KeywordMain.stepFailed(KeywordMain.groovy:48)
	at com.kms.katalon.core.webui.keyword.internal.WebUIKeywordMain.stepFailed(WebUIKeywordMain.groovy:65)
	at com.kms.katalon.core.webui.keyword.internal.WebUIKeywordMain.runKeyword(WebUIKeywordMain.groovy:27)
	at com.kms.katalon.core.webui.keyword.builtin.ClickKeyword.click(ClickKeyword.groovy:86)
	at com.kms.katalon.core.webui.keyword.builtin.ClickKeyword.execute(ClickKeyword.groovy:67)
	at com.kms.katalon.core.keyword.internal.KeywordExecutor.executeKeywordForPlatform(KeywordExecutor.groovy:56)
	at com.kms.katalon.core.webui.keyword.WebUiBuiltInKeywords.click(WebUiBuiltInKeywords.groovy:616)
	at com.kms.katalon.core.webui.keyword.WebUiBuiltInKeywords$click$2.call(Unknown Source)
	at TC8_Delete_Multiple_Sites.run(TC8_Delete_Multiple_Sites:19)
	at com.kms.katalon.core.main.ScriptEngine.run(ScriptEngine.java:194)
	at com.kms.katalon.core.main.ScriptEngine.runScriptAsRawText(ScriptEngine.java:119)
	at com.kms.katalon.core.main.TestCaseExecutor.runScript(TestCaseExecutor.java:331)
	at com.kms.katalon.core.main.TestCaseExecutor.doExecute(TestCaseExecutor.java:322)
	at com.kms.katalon.core.main.TestCaseExecutor.processExecutionPhase(TestCaseExecutor.java:301)
	at com.kms.katalon.core.main.TestCaseExecutor.accessMainPhase(TestCaseExecutor.java:293)
	at com.kms.katalon.core.main.TestCaseExecutor.execute(TestCaseExecutor.java:227)
	at com.kms.katalon.core.main.TestSuiteExecutor.accessTestCaseMainPhase(TestSuiteExecutor.java:129)
	at com.kms.katalon.core.main.TestSuiteExecutor.accessTestSuiteMainPhase(TestSuiteExecutor.java:112)
	at com.kms.katalon.core.main.TestSuiteExecutor.execute(TestSuiteExecutor.java:81)
	at com.kms.katalon.core.main.TestCaseMain.startTestSuite(TestCaseMain.java:157)
	at com.kms.katalon.core.main.TestCaseMain$startTestSuite$0.call(Unknown Source)
	at TempTestSuite1554411268866.run(TempTestSuite1554411268866.groovy:35)


2019-04-04 13:55:24 - [MESSAGE][FAILED] - Unable to click on object 'Object Repository/Page_HomePage/Site/Delete Site/delete_button'
[[ATTACHMENT|C:\\Users\\ktran\\Katalon Studio\\cloud_test2\\Reports\\TS_Regression_Test\\20190404_135428\\1554411324305.png]]

2019-04-04 13:55:24 - [MESSAGE][FAILED] - for ([row = 1, row <= findTestData("Sites/TD_Sites").getRowNumbers(), (row++)]) FAILED.
Reason:
com.kms.katalon.core.exception.StepFailedException: Unable to click on object 'Object Repository/Page_HomePage/Site/Delete Site/delete_button'
	at com.kms.katalon.core.keyword.internal.KeywordMain.stepFailed(KeywordMain.groovy:48)
	at com.kms.katalon.core.webui.keyword.internal.WebUIKeywordMain.stepFailed(WebUIKeywordMain.groovy:65)
	at com.kms.katalon.core.webui.keyword.internal.WebUIKeywordMain.runKeyword(WebUIKeywordMain.groovy:27)
	at com.kms.katalon.core.webui.keyword.builtin.ClickKeyword.click(ClickKeyword.groovy:86)
	at com.kms.katalon.core.webui.keyword.builtin.ClickKeyword.execute(ClickKeyword.groovy:67)
	at com.kms.katalon.core.keyword.internal.KeywordExecutor.executeKeywordForPlatform(KeywordExecutor.groovy:56)
	at com.kms.katalon.core.webui.keyword.WebUiBuiltInKeywords.click(WebUiBuiltInKeywords.groovy:616)
	at com.kms.katalon.core.webui.keyword.WebUiBuiltInKeywords$click$2.call(Unknown Source)
	at TC8_Delete_Multiple_Sites.run(TC8_Delete_Multiple_Sites:19)
	at com.kms.katalon.core.main.ScriptEngine.run(ScriptEngine.java:194)
	at com.kms.katalon.core.main.ScriptEngine.runScriptAsRawText(ScriptEngine.java:119)
	at com.kms.katalon.core.main.TestCaseExecutor.runScript(TestCaseExecutor.java:331)
	at com.kms.katalon.core.main.TestCaseExecutor.doExecute(TestCaseExecutor.java:322)
	at com.kms.katalon.core.main.TestCaseExecutor.processExecutionPhase(TestCaseExecutor.java:301)
	at com.kms.katalon.core.main.TestCaseExecutor.accessMainPhase(TestCaseExecutor.java:293)
	at com.kms.katalon.core.main.TestCaseExecutor.execute(TestCaseExecutor.java:227)
	at com.kms.katalon.core.main.TestSuiteExecutor.accessTestCaseMainPhase(TestSuiteExecutor.java:129)
	at com.kms.katalon.core.main.TestSuiteExecutor.accessTestSuiteMainPhase(TestSuiteExecutor.java:112)
	at com.kms.katalon.core.main.TestSuiteExecutor.execute(TestSuiteExecutor.java:81)
	at com.kms.katalon.core.main.TestCaseMain.startTestSuite(TestCaseMain.java:157)
	at com.kms.katalon.core.main.TestCaseMain$startTestSuite$0.call(Unknown Source)
	at TempTestSuite1554411268866.run(TempTestSuite1554411268866.groovy:35)]]></system-out>
         <system-err><![CDATA[2019-04-04 13:55:23 - [TEST_CASE][FAILED] - Test Cases/Sites/Delete Site/TC8_Delete_Multiple_Sites: Test Cases/Sites/Delete Site/TC8_Delete_Multiple_Sites FAILED.
Reason:
com.kms.katalon.core.exception.StepFailedException: Unable to click on object 'Object Repository/Page_HomePage/Site/Delete Site/delete_button'
	at com.kms.katalon.core.keyword.internal.KeywordMain.stepFailed(KeywordMain.groovy:48)
	at com.kms.katalon.core.webui.keyword.internal.WebUIKeywordMain.stepFailed(WebUIKeywordMain.groovy:65)
	at com.kms.katalon.core.webui.keyword.internal.WebUIKeywordMain.runKeyword(WebUIKeywordMain.groovy:27)
	at com.kms.katalon.core.webui.keyword.builtin.ClickKeyword.click(ClickKeyword.groovy:86)
	at com.kms.katalon.core.webui.keyword.builtin.ClickKeyword.execute(ClickKeyword.groovy:67)
	at com.kms.katalon.core.keyword.internal.KeywordExecutor.executeKeywordForPlatform(KeywordExecutor.groovy:56)
	at com.kms.katalon.core.webui.keyword.WebUiBuiltInKeywords.click(WebUiBuiltInKeywords.groovy:616)
	at com.kms.katalon.core.webui.keyword.WebUiBuiltInKeywords$click$2.call(Unknown Source)
	at TC8_Delete_Multiple_Sites.run(TC8_Delete_Multiple_Sites:19)
	at com.kms.katalon.core.main.ScriptEngine.run(ScriptEngine.java:194)
	at com.kms.katalon.core.main.ScriptEngine.runScriptAsRawText(ScriptEngine.java:119)
	at com.kms.katalon.core.main.TestCaseExecutor.runScript(TestCaseExecutor.java:331)
	at com.kms.katalon.core.main.TestCaseExecutor.doExecute(TestCaseExecutor.java:322)
	at com.kms.katalon.core.main.TestCaseExecutor.processExecutionPhase(TestCaseExecutor.java:301)
	at com.kms.katalon.core.main.TestCaseExecutor.accessMainPhase(TestCaseExecutor.java:293)
	at com.kms.katalon.core.main.TestCaseExecutor.execute(TestCaseExecutor.java:227)
	at com.kms.katalon.core.main.TestSuiteExecutor.accessTestCaseMainPhase(TestSuiteExecutor.java:129)
	at com.kms.katalon.core.main.TestSuiteExecutor.accessTestSuiteMainPhase(TestSuiteExecutor.java:112)
	at com.kms.katalon.core.main.TestSuiteExecutor.execute(TestSuiteExecutor.java:81)
	at com.kms.katalon.core.main.TestCaseMain.startTestSuite(TestCaseMain.java:157)
	at com.kms.katalon.core.main.TestCaseMain$startTestSuite$0.call(Unknown Source)
	at TempTestSuite1554411268866.run(TempTestSuite1554411268866.groovy:35)]]></system-err>
      </testcase>
      <testcase name="Test Cases/Logout/TC3_Logout" classname="Test Cases/Logout/TC3_Logout" status="FAILED">
         <failure type="FAILED" message="Test Cases/Logout/TC3_Logout FAILED.
Reason:
com.kms.katalon.core.exception.StepFailedException: Unable to click on object 'Object Repository/Page_HomePage/Profile/i_Add Site_upDownIcon'
	at com.kms.katalon.core.keyword.internal.KeywordMain.stepFailed(KeywordMain.groovy:48)
	at com.kms.katalon.core.webui.keyword.internal.WebUIKeywordMain.stepFailed(WebUIKeywordMain.groovy:65)
	at com.kms.katalon.core.webui.keyword.internal.WebUIKeywordMain.runKeyword(WebUIKeywordMain.groovy:27)
	at com.kms.katalon.core.webui.keyword.builtin.ClickKeyword.click(ClickKeyword.groovy:86)
	at com.kms.katalon.core.webui.keyword.builtin.ClickKeyword.execute(ClickKeyword.groovy:67)
	at com.kms.katalon.core.keyword.internal.KeywordExecutor.executeKeywordForPlatform(KeywordExecutor.groovy:56)
	at com.kms.katalon.core.webui.keyword.WebUiBuiltInKeywords.click(WebUiBuiltInKeywords.groovy:616)
	at com.kms.katalon.core.webui.keyword.WebUiBuiltInKeywords$click$2.call(Unknown Source)
	at TC3_Logout.run(TC3_Logout:19)
	at com.kms.katalon.core.main.ScriptEngine.run(ScriptEngine.java:194)
	at com.kms.katalon.core.main.ScriptEngine.runScriptAsRawText(ScriptEngine.java:119)
	at com.kms.katalon.core.main.TestCaseExecutor.runScript(TestCaseExecutor.java:331)
	at com.kms.katalon.core.main.TestCaseExecutor.doExecute(TestCaseExecutor.java:322)
	at com.kms.katalon.core.main.TestCaseExecutor.processExecutionPhase(TestCaseExecutor.java:301)
	at com.kms.katalon.core.main.TestCaseExecutor.accessMainPhase(TestCaseExecutor.java:293)
	at com.kms.katalon.core.main.TestCaseExecutor.execute(TestCaseExecutor.java:227)
	at com.kms.katalon.core.main.TestSuiteExecutor.accessTestCaseMainPhase(TestSuiteExecutor.java:129)
	at com.kms.katalon.core.main.TestSuiteExecutor.accessTestSuiteMainPhase(TestSuiteExecutor.java:112)
	at com.kms.katalon.core.main.TestSuiteExecutor.execute(TestSuiteExecutor.java:81)
	at com.kms.katalon.core.main.TestCaseMain.startTestSuite(TestCaseMain.java:157)
	at com.kms.katalon.core.main.TestCaseMain$startTestSuite$0.call(Unknown Source)
	at TempTestSuite1554411268866.run(TempTestSuite1554411268866.groovy:35)
"/>
         <system-out><![CDATA[2019-04-04 13:55:24 - [TEST_CASE][FAILED] - Test Cases/Logout/TC3_Logout: Test Cases/Logout/TC3_Logout FAILED.
Reason:
com.kms.katalon.core.exception.StepFailedException: Unable to click on object 'Object Repository/Page_HomePage/Profile/i_Add Site_upDownIcon'
	at com.kms.katalon.core.keyword.internal.KeywordMain.stepFailed(KeywordMain.groovy:48)
	at com.kms.katalon.core.webui.keyword.internal.WebUIKeywordMain.stepFailed(WebUIKeywordMain.groovy:65)
	at com.kms.katalon.core.webui.keyword.internal.WebUIKeywordMain.runKeyword(WebUIKeywordMain.groovy:27)
	at com.kms.katalon.core.webui.keyword.builtin.ClickKeyword.click(ClickKeyword.groovy:86)
	at com.kms.katalon.core.webui.keyword.builtin.ClickKeyword.execute(ClickKeyword.groovy:67)
	at com.kms.katalon.core.keyword.internal.KeywordExecutor.executeKeywordForPlatform(KeywordExecutor.groovy:56)
	at com.kms.katalon.core.webui.keyword.WebUiBuiltInKeywords.click(WebUiBuiltInKeywords.groovy:616)
	at com.kms.katalon.core.webui.keyword.WebUiBuiltInKeywords$click$2.call(Unknown Source)
	at TC3_Logout.run(TC3_Logout:19)
	at com.kms.katalon.core.main.ScriptEngine.run(ScriptEngine.java:194)
	at com.kms.katalon.core.main.ScriptEngine.runScriptAsRawText(ScriptEngine.java:119)
	at com.kms.katalon.core.main.TestCaseExecutor.runScript(TestCaseExecutor.java:331)
	at com.kms.katalon.core.main.TestCaseExecutor.doExecute(TestCaseExecutor.java:322)
	at com.kms.katalon.core.main.TestCaseExecutor.processExecutionPhase(TestCaseExecutor.java:301)
	at com.kms.katalon.core.main.TestCaseExecutor.accessMainPhase(TestCaseExecutor.java:293)
	at com.kms.katalon.core.main.TestCaseExecutor.execute(TestCaseExecutor.java:227)
	at com.kms.katalon.core.main.TestSuiteExecutor.accessTestCaseMainPhase(TestSuiteExecutor.java:129)
	at com.kms.katalon.core.main.TestSuiteExecutor.accessTestSuiteMainPhase(TestSuiteExecutor.java:112)
	at com.kms.katalon.core.main.TestSuiteExecutor.execute(TestSuiteExecutor.java:81)
	at com.kms.katalon.core.main.TestCaseMain.startTestSuite(TestCaseMain.java:157)
	at com.kms.katalon.core.main.TestCaseMain$startTestSuite$0.call(Unknown Source)
	at TempTestSuite1554411268866.run(TempTestSuite1554411268866.groovy:35)


2019-04-04 13:55:25 - [TEST_STEP][PASSED] - delay(2): Delayed 2 second(s)

2019-04-04 13:55:27 - [MESSAGE][PASSED] - Delayed 2 second(s)

2019-04-04 13:55:27 - [TEST_STEP][FAILED] - click(findTestObject("Page_HomePage/Profile/i_Add Site_upDownIcon")): click(findTestObject("Page_HomePage/Profile/i_Add Site_upDownIcon")) FAILED.
Reason:
com.kms.katalon.core.exception.StepFailedException: Unable to click on object 'Object Repository/Page_HomePage/Profile/i_Add Site_upDownIcon'
	at com.kms.katalon.core.keyword.internal.KeywordMain.stepFailed(KeywordMain.groovy:48)
	at com.kms.katalon.core.webui.keyword.internal.WebUIKeywordMain.stepFailed(WebUIKeywordMain.groovy:65)
	at com.kms.katalon.core.webui.keyword.internal.WebUIKeywordMain.runKeyword(WebUIKeywordMain.groovy:27)
	at com.kms.katalon.core.webui.keyword.builtin.ClickKeyword.click(ClickKeyword.groovy:86)
	at com.kms.katalon.core.webui.keyword.builtin.ClickKeyword.execute(ClickKeyword.groovy:67)
	at com.kms.katalon.core.keyword.internal.KeywordExecutor.executeKeywordForPlatform(KeywordExecutor.groovy:56)
	at com.kms.katalon.core.webui.keyword.WebUiBuiltInKeywords.click(WebUiBuiltInKeywords.groovy:616)
	at com.kms.katalon.core.webui.keyword.WebUiBuiltInKeywords$click$2.call(Unknown Source)
	at TC3_Logout.run(TC3_Logout:19)
	at com.kms.katalon.core.main.ScriptEngine.run(ScriptEngine.java:194)
	at com.kms.katalon.core.main.ScriptEngine.runScriptAsRawText(ScriptEngine.java:119)
	at com.kms.katalon.core.main.TestCaseExecutor.runScript(TestCaseExecutor.java:331)
	at com.kms.katalon.core.main.TestCaseExecutor.doExecute(TestCaseExecutor.java:322)
	at com.kms.katalon.core.main.TestCaseExecutor.processExecutionPhase(TestCaseExecutor.java:301)
	at com.kms.katalon.core.main.TestCaseExecutor.accessMainPhase(TestCaseExecutor.java:293)
	at com.kms.katalon.core.main.TestCaseExecutor.execute(TestCaseExecutor.java:227)
	at com.kms.katalon.core.main.TestSuiteExecutor.accessTestCaseMainPhase(TestSuiteExecutor.java:129)
	at com.kms.katalon.core.main.TestSuiteExecutor.accessTestSuiteMainPhase(TestSuiteExecutor.java:112)
	at com.kms.katalon.core.main.TestSuiteExecutor.execute(TestSuiteExecutor.java:81)
	at com.kms.katalon.core.main.TestCaseMain.startTestSuite(TestCaseMain.java:157)
	at com.kms.katalon.core.main.TestCaseMain$startTestSuite$0.call(Unknown Source)
	at TempTestSuite1554411268866.run(TempTestSuite1554411268866.groovy:35)


2019-04-04 13:55:27 - [MESSAGE][FAILED] - Unable to click on object 'Object Repository/Page_HomePage/Profile/i_Add Site_upDownIcon'
[[ATTACHMENT|C:\\Users\\ktran\\Katalon Studio\\cloud_test2\\Reports\\TS_Regression_Test\\20190404_135428\\1554411327398.png]]

2019-04-04 13:55:27 - [MESSAGE][FAILED] - click(findTestObject("Page_HomePage/Profile/i_Add Site_upDownIcon")) FAILED.
Reason:
com.kms.katalon.core.exception.StepFailedException: Unable to click on object 'Object Repository/Page_HomePage/Profile/i_Add Site_upDownIcon'
	at com.kms.katalon.core.keyword.internal.KeywordMain.stepFailed(KeywordMain.groovy:48)
	at com.kms.katalon.core.webui.keyword.internal.WebUIKeywordMain.stepFailed(WebUIKeywordMain.groovy:65)
	at com.kms.katalon.core.webui.keyword.internal.WebUIKeywordMain.runKeyword(WebUIKeywordMain.groovy:27)
	at com.kms.katalon.core.webui.keyword.builtin.ClickKeyword.click(ClickKeyword.groovy:86)
	at com.kms.katalon.core.webui.keyword.builtin.ClickKeyword.execute(ClickKeyword.groovy:67)
	at com.kms.katalon.core.keyword.internal.KeywordExecutor.executeKeywordForPlatform(KeywordExecutor.groovy:56)
	at com.kms.katalon.core.webui.keyword.WebUiBuiltInKeywords.click(WebUiBuiltInKeywords.groovy:616)
	at com.kms.katalon.core.webui.keyword.WebUiBuiltInKeywords$click$2.call(Unknown Source)
	at TC3_Logout.run(TC3_Logout:19)
	at com.kms.katalon.core.main.ScriptEngine.run(ScriptEngine.java:194)
	at com.kms.katalon.core.main.ScriptEngine.runScriptAsRawText(ScriptEngine.java:119)
	at com.kms.katalon.core.main.TestCaseExecutor.runScript(TestCaseExecutor.java:331)
	at com.kms.katalon.core.main.TestCaseExecutor.doExecute(TestCaseExecutor.java:322)
	at com.kms.katalon.core.main.TestCaseExecutor.processExecutionPhase(TestCaseExecutor.java:301)
	at com.kms.katalon.core.main.TestCaseExecutor.accessMainPhase(TestCaseExecutor.java:293)
	at com.kms.katalon.core.main.TestCaseExecutor.execute(TestCaseExecutor.java:227)
	at com.kms.katalon.core.main.TestSuiteExecutor.accessTestCaseMainPhase(TestSuiteExecutor.java:129)
	at com.kms.katalon.core.main.TestSuiteExecutor.accessTestSuiteMainPhase(TestSuiteExecutor.java:112)
	at com.kms.katalon.core.main.TestSuiteExecutor.execute(TestSuiteExecutor.java:81)
	at com.kms.katalon.core.main.TestCaseMain.startTestSuite(TestCaseMain.java:157)
	at com.kms.katalon.core.main.TestCaseMain$startTestSuite$0.call(Unknown Source)
	at TempTestSuite1554411268866.run(TempTestSuite1554411268866.groovy:35)]]></system-out>
         <system-err><![CDATA[2019-04-04 13:55:24 - [TEST_CASE][FAILED] - Test Cases/Logout/TC3_Logout: Test Cases/Logout/TC3_Logout FAILED.
Reason:
com.kms.katalon.core.exception.StepFailedException: Unable to click on object 'Object Repository/Page_HomePage/Profile/i_Add Site_upDownIcon'
	at com.kms.katalon.core.keyword.internal.KeywordMain.stepFailed(KeywordMain.groovy:48)
	at com.kms.katalon.core.webui.keyword.internal.WebUIKeywordMain.stepFailed(WebUIKeywordMain.groovy:65)
	at com.kms.katalon.core.webui.keyword.internal.WebUIKeywordMain.runKeyword(WebUIKeywordMain.groovy:27)
	at com.kms.katalon.core.webui.keyword.builtin.ClickKeyword.click(ClickKeyword.groovy:86)
	at com.kms.katalon.core.webui.keyword.builtin.ClickKeyword.execute(ClickKeyword.groovy:67)
	at com.kms.katalon.core.keyword.internal.KeywordExecutor.executeKeywordForPlatform(KeywordExecutor.groovy:56)
	at com.kms.katalon.core.webui.keyword.WebUiBuiltInKeywords.click(WebUiBuiltInKeywords.groovy:616)
	at com.kms.katalon.core.webui.keyword.WebUiBuiltInKeywords$click$2.call(Unknown Source)
	at TC3_Logout.run(TC3_Logout:19)
	at com.kms.katalon.core.main.ScriptEngine.run(ScriptEngine.java:194)
	at com.kms.katalon.core.main.ScriptEngine.runScriptAsRawText(ScriptEngine.java:119)
	at com.kms.katalon.core.main.TestCaseExecutor.runScript(TestCaseExecutor.java:331)
	at com.kms.katalon.core.main.TestCaseExecutor.doExecute(TestCaseExecutor.java:322)
	at com.kms.katalon.core.main.TestCaseExecutor.processExecutionPhase(TestCaseExecutor.java:301)
	at com.kms.katalon.core.main.TestCaseExecutor.accessMainPhase(TestCaseExecutor.java:293)
	at com.kms.katalon.core.main.TestCaseExecutor.execute(TestCaseExecutor.java:227)
	at com.kms.katalon.core.main.TestSuiteExecutor.accessTestCaseMainPhase(TestSuiteExecutor.java:129)
	at com.kms.katalon.core.main.TestSuiteExecutor.accessTestSuiteMainPhase(TestSuiteExecutor.java:112)
	at com.kms.katalon.core.main.TestSuiteExecutor.execute(TestSuiteExecutor.java:81)
	at com.kms.katalon.core.main.TestCaseMain.startTestSuite(TestCaseMain.java:157)
	at com.kms.katalon.core.main.TestCaseMain$startTestSuite$0.call(Unknown Source)
	at TempTestSuite1554411268866.run(TempTestSuite1554411268866.groovy:35)]]></system-err>
      </testcase>
      <system-out><![CDATA[2019-04-04 13:54:34 - [TEST_SUITE][FAILED] - TS_Regression_Test: Test Cases/Sites/Add Site/TC6_Add_Duplicate_Site FAILED.
Reason:
com.kms.katalon.core.exception.StepFailedException: Unable to click on object 'Object Repository/Page_HomePage/Site/Add Site/label_Enter Site Name'
	at com.kms.katalon.core.keyword.internal.KeywordMain.stepFailed(KeywordMain.groovy:48)
	at com.kms.katalon.core.webui.keyword.internal.WebUIKeywordMain.stepFailed(WebUIKeywordMain.groovy:65)
	at com.kms.katalon.core.webui.keyword.internal.WebUIKeywordMain.runKeyword(WebUIKeywordMain.groovy:27)
	at com.kms.katalon.core.webui.keyword.builtin.ClickKeyword.click(ClickKeyword.groovy:86)
	at com.kms.katalon.core.webui.keyword.builtin.ClickKeyword.execute(ClickKeyword.groovy:67)
	at com.kms.katalon.core.keyword.internal.KeywordExecutor.executeKeywordForPlatform(KeywordExecutor.groovy:56)
	at com.kms.katalon.core.webui.keyword.WebUiBuiltInKeywords.click(WebUiBuiltInKeywords.groovy:616)
	at com.kms.katalon.core.webui.keyword.WebUiBuiltInKeywords$click$2.call(Unknown Source)
	at TC6_Add_Duplicate_Site.run(TC6_Add_Duplicate_Site:18)
	at com.kms.katalon.core.main.ScriptEngine.run(ScriptEngine.java:194)
	at com.kms.katalon.core.main.ScriptEngine.runScriptAsRawText(ScriptEngine.java:119)
	at com.kms.katalon.core.main.TestCaseExecutor.runScript(TestCaseExecutor.java:331)
	at com.kms.katalon.core.main.TestCaseExecutor.doExecute(TestCaseExecutor.java:322)
	at com.kms.katalon.core.main.TestCaseExecutor.processExecutionPhase(TestCaseExecutor.java:301)
	at com.kms.katalon.core.main.TestCaseExecutor.accessMainPhase(TestCaseExecutor.java:293)
	at com.kms.katalon.core.main.TestCaseExecutor.execute(TestCaseExecutor.java:227)
	at com.kms.katalon.core.main.TestSuiteExecutor.accessTestCaseMainPhase(TestSuiteExecutor.java:129)
	at com.kms.katalon.core.main.TestSuiteExecutor.accessTestSuiteMainPhase(TestSuiteExecutor.java:112)
	at com.kms.katalon.core.main.TestSuiteExecutor.execute(TestSuiteExecutor.java:81)
	at com.kms.katalon.core.main.TestCaseMain.startTestSuite(TestCaseMain.java:157)
	at com.kms.katalon.core.main.TestCaseMain$startTestSuite$0.call(Unknown Source)
	at TempTestSuite1554411268866.run(TempTestSuite1554411268866.groovy:35)]]></system-out>
      <system-err><![CDATA[2019-04-04 13:54:34 - [TEST_SUITE][FAILED] - TS_Regression_Test: Test Cases/Sites/Add Site/TC6_Add_Duplicate_Site FAILED.
Reason:
com.kms.katalon.core.exception.StepFailedException: Unable to click on object 'Object Repository/Page_HomePage/Site/Add Site/label_Enter Site Name'
	at com.kms.katalon.core.keyword.internal.KeywordMain.stepFailed(KeywordMain.groovy:48)
	at com.kms.katalon.core.webui.keyword.internal.WebUIKeywordMain.stepFailed(WebUIKeywordMain.groovy:65)
	at com.kms.katalon.core.webui.keyword.internal.WebUIKeywordMain.runKeyword(WebUIKeywordMain.groovy:27)
	at com.kms.katalon.core.webui.keyword.builtin.ClickKeyword.click(ClickKeyword.groovy:86)
	at com.kms.katalon.core.webui.keyword.builtin.ClickKeyword.execute(ClickKeyword.groovy:67)
	at com.kms.katalon.core.keyword.internal.KeywordExecutor.executeKeywordForPlatform(KeywordExecutor.groovy:56)
	at com.kms.katalon.core.webui.keyword.WebUiBuiltInKeywords.click(WebUiBuiltInKeywords.groovy:616)
	at com.kms.katalon.core.webui.keyword.WebUiBuiltInKeywords$click$2.call(Unknown Source)
	at TC6_Add_Duplicate_Site.run(TC6_Add_Duplicate_Site:18)
	at com.kms.katalon.core.main.ScriptEngine.run(ScriptEngine.java:194)
	at com.kms.katalon.core.main.ScriptEngine.runScriptAsRawText(ScriptEngine.java:119)
	at com.kms.katalon.core.main.TestCaseExecutor.runScript(TestCaseExecutor.java:331)
	at com.kms.katalon.core.main.TestCaseExecutor.doExecute(TestCaseExecutor.java:322)
	at com.kms.katalon.core.main.TestCaseExecutor.processExecutionPhase(TestCaseExecutor.java:301)
	at com.kms.katalon.core.main.TestCaseExecutor.accessMainPhase(TestCaseExecutor.java:293)
	at com.kms.katalon.core.main.TestCaseExecutor.execute(TestCaseExecutor.java:227)
	at com.kms.katalon.core.main.TestSuiteExecutor.accessTestCaseMainPhase(TestSuiteExecutor.java:129)
	at com.kms.katalon.core.main.TestSuiteExecutor.accessTestSuiteMainPhase(TestSuiteExecutor.java:112)
	at com.kms.katalon.core.main.TestSuiteExecutor.execute(TestSuiteExecutor.java:81)
	at com.kms.katalon.core.main.TestCaseMain.startTestSuite(TestCaseMain.java:157)
	at com.kms.katalon.core.main.TestCaseMain$startTestSuite$0.call(Unknown Source)
	at TempTestSuite1554411268866.run(TempTestSuite1554411268866.groovy:35)]]></system-err>
   </testsuite>
</testsuites>
